2024-07-12 15:49:58,060 - 500; G: 1.899; D: 1.942; Grad: 0.538; Alpha: 0.012
2024-07-12 15:49:58,060 - Avg Disc Loss: 443.409, Avg Gen Loss: 414.186, Avg Grad Loss: 191.126
2024-07-12 15:50:03,781 - 1000; G: 1.793; D: 1.659; Grad: 0.230; Alpha: 0.023
2024-07-12 15:50:03,781 - Avg Disc Loss: 450.662, Avg Gen Loss: 479.291, Avg Grad Loss: 62.187
2024-07-12 15:50:09,355 - 1500; G: 1.055; D: 0.940; Grad: 0.124; Alpha: 0.035
2024-07-12 15:50:09,355 - Avg Disc Loss: 252.288, Avg Gen Loss: 281.783, Avg Grad Loss: 33.194
2024-07-12 15:50:15,370 - 2000; G: 0.770; D: 0.658; Grad: 0.112; Alpha: 0.047
2024-07-12 15:50:15,370 - Avg Disc Loss: 173.561, Avg Gen Loss: 200.818, Avg Grad Loss: 28.535
2024-07-12 15:50:21,923 - 2500; G: 0.607; D: 0.485; Grad: 0.111; Alpha: 0.058
2024-07-12 15:50:21,923 - Avg Disc Loss: 127.329, Avg Gen Loss: 156.722, Avg Grad Loss: 27.384
2024-07-12 15:50:27,958 - 3000; G: 0.512; D: 0.397; Grad: 0.108; Alpha: 0.070
2024-07-12 15:50:27,958 - Avg Disc Loss: 101.569, Avg Gen Loss: 129.292, Avg Grad Loss: 26.597
2024-07-12 15:50:34,212 - 3500; G: 0.431; D: 0.315; Grad: 0.109; Alpha: 0.082
2024-07-12 15:50:34,212 - Avg Disc Loss: 81.958, Avg Gen Loss: 109.826, Avg Grad Loss: 27.325
2024-07-12 15:50:40,562 - 4000; G: 0.338; D: 0.232; Grad: 0.097; Alpha: 0.093
2024-07-12 15:50:40,562 - Avg Disc Loss: 60.527, Avg Gen Loss: 86.611, Avg Grad Loss: 24.421
2024-07-12 15:50:46,423 - 4500; G: 0.265; D: 0.163; Grad: 0.082; Alpha: 0.105
2024-07-12 15:50:46,424 - Avg Disc Loss: 43.709, Avg Gen Loss: 69.684, Avg Grad Loss: 21.090
2024-07-12 15:50:52,200 - 5000; G: 0.200; D: 0.108; Grad: 0.084; Alpha: 0.117
2024-07-12 15:50:52,200 - Avg Disc Loss: 26.708, Avg Gen Loss: 49.429, Avg Grad Loss: 21.186
2024-07-12 15:50:58,221 - 5500; G: 0.160; D: 0.071; Grad: 0.078; Alpha: 0.128
2024-07-12 15:50:58,221 - Avg Disc Loss: 19.416, Avg Gen Loss: 41.700, Avg Grad Loss: 20.015
2024-07-12 15:51:04,347 - 6000; G: 0.157; D: 0.076; Grad: 0.077; Alpha: 0.140
2024-07-12 15:51:04,347 - Avg Disc Loss: 19.288, Avg Gen Loss: 39.868, Avg Grad Loss: 19.578
2024-07-12 15:51:10,100 - 6500; G: 0.151; D: 0.072; Grad: 0.067; Alpha: 0.152
2024-07-12 15:51:10,100 - Avg Disc Loss: 18.201, Avg Gen Loss: 37.684, Avg Grad Loss: 16.902
2024-07-12 15:51:15,790 - 7000; G: 0.145; D: 0.069; Grad: 0.067; Alpha: 0.163
2024-07-12 15:51:15,790 - Avg Disc Loss: 17.205, Avg Gen Loss: 36.147, Avg Grad Loss: 17.042
2024-07-12 15:51:21,653 - 7500; G: 0.143; D: 0.068; Grad: 0.064; Alpha: 0.175
2024-07-12 15:51:21,653 - Avg Disc Loss: 18.344, Avg Gen Loss: 37.787, Avg Grad Loss: 15.918
2024-07-12 15:51:27,794 - 8000; G: 0.157; D: 0.079; Grad: 0.066; Alpha: 0.187
2024-07-12 15:51:27,794 - Avg Disc Loss: 19.598, Avg Gen Loss: 39.339, Avg Grad Loss: 16.157
2024-07-12 15:51:33,583 - 8500; G: 0.149; D: 0.076; Grad: 0.066; Alpha: 0.198
2024-07-12 15:51:33,583 - Avg Disc Loss: 19.438, Avg Gen Loss: 37.483, Avg Grad Loss: 16.634
2024-07-12 15:51:40,033 - 9000; G: 0.144; D: 0.072; Grad: 0.065; Alpha: 0.210
2024-07-12 15:51:40,033 - Avg Disc Loss: 17.757, Avg Gen Loss: 36.100, Avg Grad Loss: 16.420
2024-07-12 15:51:46,213 - 9500; G: 0.142; D: 0.073; Grad: 0.063; Alpha: 0.222
2024-07-12 15:51:46,213 - Avg Disc Loss: 19.000, Avg Gen Loss: 35.709, Avg Grad Loss: 15.945
2024-07-12 15:51:51,957 - 10000; G: 0.151; D: 0.080; Grad: 0.062; Alpha: 0.233
2024-07-12 15:51:51,957 - Avg Disc Loss: 19.532, Avg Gen Loss: 36.574, Avg Grad Loss: 15.410
2024-07-12 15:51:57,664 - 10500; G: 0.137; D: 0.068; Grad: 0.061; Alpha: 0.245
2024-07-12 15:51:57,664 - Avg Disc Loss: 16.400, Avg Gen Loss: 33.426, Avg Grad Loss: 15.729
2024-07-12 15:52:03,345 - 11000; G: 0.132; D: 0.065; Grad: 0.062; Alpha: 0.257
2024-07-12 15:52:03,345 - Avg Disc Loss: 16.700, Avg Gen Loss: 33.783, Avg Grad Loss: 15.391
2024-07-12 15:52:09,410 - 11500; G: 0.131; D: 0.064; Grad: 0.062; Alpha: 0.268
2024-07-12 15:52:09,410 - Avg Disc Loss: 16.329, Avg Gen Loss: 33.291, Avg Grad Loss: 15.732
2024-07-12 15:52:15,180 - 12000; G: 0.124; D: 0.060; Grad: 0.058; Alpha: 0.280
2024-07-12 15:52:15,180 - Avg Disc Loss: 14.685, Avg Gen Loss: 30.986, Avg Grad Loss: 14.679
2024-07-12 15:52:21,010 - 12500; G: 0.125; D: 0.063; Grad: 0.054; Alpha: 0.292
2024-07-12 15:52:21,010 - Avg Disc Loss: 16.242, Avg Gen Loss: 32.343, Avg Grad Loss: 13.529
2024-07-12 15:52:26,668 - 13000; G: 0.119; D: 0.055; Grad: 0.054; Alpha: 0.303
2024-07-12 15:52:26,668 - Avg Disc Loss: 13.588, Avg Gen Loss: 29.925, Avg Grad Loss: 13.502
2024-07-12 15:52:32,784 - 13500; G: 0.114; D: 0.053; Grad: 0.054; Alpha: 0.315
2024-07-12 15:52:32,784 - Avg Disc Loss: 12.847, Avg Gen Loss: 28.231, Avg Grad Loss: 13.529
2024-07-12 15:52:38,617 - 14000; G: 0.114; D: 0.053; Grad: 0.051; Alpha: 0.327
2024-07-12 15:52:38,617 - Avg Disc Loss: 12.386, Avg Gen Loss: 28.053, Avg Grad Loss: 12.896
2024-07-12 15:52:45,175 - 14500; G: 0.116; D: 0.053; Grad: 0.053; Alpha: 0.338
2024-07-12 15:52:45,175 - Avg Disc Loss: 13.676, Avg Gen Loss: 29.849, Avg Grad Loss: 13.472
2024-07-12 15:52:50,849 - 15000; G: 0.114; D: 0.053; Grad: 0.048; Alpha: 0.350
2024-07-12 15:52:50,849 - Avg Disc Loss: 12.780, Avg Gen Loss: 27.684, Avg Grad Loss: 12.247
2024-07-12 15:52:56,859 - 15500; G: 0.109; D: 0.047; Grad: 0.045; Alpha: 0.362
2024-07-12 15:52:56,860 - Avg Disc Loss: 11.989, Avg Gen Loss: 27.359, Avg Grad Loss: 11.488
2024-07-12 15:53:02,575 - 16000; G: 0.111; D: 0.052; Grad: 0.044; Alpha: 0.373
2024-07-12 15:53:02,575 - Avg Disc Loss: 12.447, Avg Gen Loss: 27.341, Avg Grad Loss: 10.962
2024-07-12 15:53:08,313 - 16500; G: 0.108; D: 0.048; Grad: 0.040; Alpha: 0.385
2024-07-12 15:53:08,313 - Avg Disc Loss: 11.882, Avg Gen Loss: 27.564, Avg Grad Loss: 10.276
2024-07-12 15:53:14,411 - 17000; G: 0.110; D: 0.049; Grad: 0.040; Alpha: 0.397
2024-07-12 15:53:14,412 - Avg Disc Loss: 12.617, Avg Gen Loss: 28.156, Avg Grad Loss: 10.175
2024-07-12 15:53:20,365 - 17500; G: 0.102; D: 0.045; Grad: 0.036; Alpha: 0.408
2024-07-12 15:53:20,365 - Avg Disc Loss: 11.744, Avg Gen Loss: 25.952, Avg Grad Loss: 9.215
2024-07-12 15:53:26,352 - 18000; G: 0.097; D: 0.039; Grad: 0.034; Alpha: 0.420
2024-07-12 15:53:26,352 - Avg Disc Loss: 10.401, Avg Gen Loss: 24.770, Avg Grad Loss: 8.469
2024-07-12 15:53:32,238 - 18500; G: 0.089; D: 0.035; Grad: 0.030; Alpha: 0.432
2024-07-12 15:53:32,238 - Avg Disc Loss: 9.373, Avg Gen Loss: 22.422, Avg Grad Loss: 7.656
2024-07-12 15:53:38,488 - 19000; G: 0.083; D: 0.031; Grad: 0.028; Alpha: 0.443
2024-07-12 15:53:38,489 - Avg Disc Loss: 8.414, Avg Gen Loss: 21.296, Avg Grad Loss: 7.268
2024-07-12 15:53:44,384 - 19500; G: 0.088; D: 0.035; Grad: 0.026; Alpha: 0.455
2024-07-12 15:53:44,851 - Avg Disc Loss: 9.136, Avg Gen Loss: 23.116, Avg Grad Loss: 6.580
2024-07-12 15:53:51,547 - 20000; G: 0.081; D: 0.028; Grad: 0.024; Alpha: 0.467
2024-07-12 15:53:51,547 - Avg Disc Loss: 7.029, Avg Gen Loss: 20.314, Avg Grad Loss: 6.056
2024-07-12 15:53:57,753 - 20500; G: 0.079; D: 0.026; Grad: 0.023; Alpha: 0.478
2024-07-12 15:53:57,753 - Avg Disc Loss: 6.886, Avg Gen Loss: 20.032, Avg Grad Loss: 5.842
2024-07-12 15:54:03,796 - 21000; G: 0.081; D: 0.030; Grad: 0.022; Alpha: 0.490
2024-07-12 15:54:03,796 - Avg Disc Loss: 7.287, Avg Gen Loss: 19.862, Avg Grad Loss: 5.619
2024-07-12 15:54:09,468 - 21500; G: 0.073; D: 0.023; Grad: 0.021; Alpha: 0.502
2024-07-12 15:54:09,469 - Avg Disc Loss: 4.829, Avg Gen Loss: 17.290, Avg Grad Loss: 5.123
2024-07-12 15:54:15,296 - 22000; G: 0.066; D: 0.018; Grad: 0.020; Alpha: 0.513
2024-07-12 15:54:15,296 - Avg Disc Loss: 4.411, Avg Gen Loss: 16.638, Avg Grad Loss: 5.098
2024-07-12 15:54:21,078 - 22500; G: 0.073; D: 0.025; Grad: 0.020; Alpha: 0.525
2024-07-12 15:54:21,078 - Avg Disc Loss: 6.118, Avg Gen Loss: 18.677, Avg Grad Loss: 5.023
2024-07-12 15:54:27,124 - 23000; G: 0.073; D: 0.025; Grad: 0.019; Alpha: 0.537
2024-07-12 15:54:27,124 - Avg Disc Loss: 5.979, Avg Gen Loss: 18.448, Avg Grad Loss: 4.890
2024-07-12 15:54:32,901 - 23500; G: 0.069; D: 0.021; Grad: 0.019; Alpha: 0.548
2024-07-12 15:54:32,901 - Avg Disc Loss: 5.038, Avg Gen Loss: 17.677, Avg Grad Loss: 4.762
2024-07-12 15:54:38,737 - 24000; G: 0.065; D: 0.019; Grad: 0.018; Alpha: 0.560
2024-07-12 15:54:38,737 - Avg Disc Loss: 4.869, Avg Gen Loss: 16.302, Avg Grad Loss: 4.644
2024-07-12 15:54:44,672 - 24500; G: 0.070; D: 0.024; Grad: 0.018; Alpha: 0.572
2024-07-12 15:54:44,672 - Avg Disc Loss: 6.212, Avg Gen Loss: 17.853, Avg Grad Loss: 4.546
2024-07-12 15:54:50,322 - 25000; G: 0.064; D: 0.019; Grad: 0.017; Alpha: 0.583
2024-07-12 15:54:50,322 - Avg Disc Loss: 4.457, Avg Gen Loss: 15.731, Avg Grad Loss: 4.306
2024-07-12 15:54:56,797 - 25500; G: 0.062; D: 0.019; Grad: 0.017; Alpha: 0.595
2024-07-12 15:54:56,797 - Avg Disc Loss: 4.874, Avg Gen Loss: 15.661, Avg Grad Loss: 4.197
2024-07-12 15:55:02,417 - 26000; G: 0.058; D: 0.015; Grad: 0.016; Alpha: 0.607
2024-07-12 15:55:02,417 - Avg Disc Loss: 4.034, Avg Gen Loss: 14.966, Avg Grad Loss: 4.075
2024-07-12 15:55:08,365 - 26500; G: 0.060; D: 0.017; Grad: 0.016; Alpha: 0.618
2024-07-12 15:55:08,365 - Avg Disc Loss: 4.372, Avg Gen Loss: 15.334, Avg Grad Loss: 3.972
2024-07-12 15:55:14,216 - 27000; G: 0.053; D: 0.014; Grad: 0.015; Alpha: 0.630
2024-07-12 15:55:14,216 - Avg Disc Loss: 3.132, Avg Gen Loss: 12.826, Avg Grad Loss: 3.701
2024-07-12 15:55:20,086 - 27500; G: 0.058; D: 0.017; Grad: 0.015; Alpha: 0.642
2024-07-12 15:55:20,086 - Avg Disc Loss: 3.908, Avg Gen Loss: 14.412, Avg Grad Loss: 3.875
2024-07-12 15:55:26,125 - 28000; G: 0.056; D: 0.013; Grad: 0.015; Alpha: 0.653
2024-07-12 15:55:26,125 - Avg Disc Loss: 2.778, Avg Gen Loss: 13.206, Avg Grad Loss: 3.780
2024-07-12 15:55:32,292 - 28500; G: 0.053; D: 0.014; Grad: 0.014; Alpha: 0.665
2024-07-12 15:55:32,292 - Avg Disc Loss: 3.824, Avg Gen Loss: 13.775, Avg Grad Loss: 3.566
2024-07-12 15:55:38,195 - 29000; G: 0.052; D: 0.012; Grad: 0.014; Alpha: 0.677
2024-07-12 15:55:38,195 - Avg Disc Loss: 3.207, Avg Gen Loss: 13.070, Avg Grad Loss: 3.548
2024-07-12 15:55:43,868 - 29500; G: 0.054; D: 0.015; Grad: 0.014; Alpha: 0.688
2024-07-12 15:55:43,868 - Avg Disc Loss: 4.317, Avg Gen Loss: 14.048, Avg Grad Loss: 3.480
2024-07-12 15:55:49,451 - 30000; G: 0.054; D: 0.015; Grad: 0.014; Alpha: 0.700
2024-07-12 15:55:49,451 - Avg Disc Loss: 3.738, Avg Gen Loss: 13.318, Avg Grad Loss: 3.497
2024-07-12 15:55:55,566 - 30500; G: 0.050; D: 0.013; Grad: 0.013; Alpha: 0.712
2024-07-12 15:55:55,566 - Avg Disc Loss: 2.753, Avg Gen Loss: 11.858, Avg Grad Loss: 3.299
2024-07-12 15:56:02,022 - 31000; G: 0.053; D: 0.015; Grad: 0.015; Alpha: 0.723
2024-07-12 15:56:02,022 - Avg Disc Loss: 3.955, Avg Gen Loss: 13.684, Avg Grad Loss: 3.580
2024-07-12 15:56:07,876 - 31500; G: 0.053; D: 0.014; Grad: 0.014; Alpha: 0.735
2024-07-12 15:56:07,876 - Avg Disc Loss: 3.295, Avg Gen Loss: 13.147, Avg Grad Loss: 3.529
2024-07-12 15:56:13,901 - 32000; G: 0.049; D: 0.013; Grad: 0.013; Alpha: 0.747
2024-07-12 15:56:13,902 - Avg Disc Loss: 3.148, Avg Gen Loss: 12.240, Avg Grad Loss: 3.350
2024-07-12 15:56:19,605 - 32500; G: 0.046; D: 0.010; Grad: 0.013; Alpha: 0.758
2024-07-12 15:56:19,605 - Avg Disc Loss: 2.427, Avg Gen Loss: 11.383, Avg Grad Loss: 3.310
2024-07-12 15:56:25,363 - 33000; G: 0.051; D: 0.014; Grad: 0.013; Alpha: 0.770
2024-07-12 15:56:25,363 - Avg Disc Loss: 3.934, Avg Gen Loss: 13.153, Avg Grad Loss: 3.427
2024-07-12 15:56:31,163 - 33500; G: 0.047; D: 0.011; Grad: 0.013; Alpha: 0.782
2024-07-12 15:56:31,163 - Avg Disc Loss: 2.989, Avg Gen Loss: 12.142, Avg Grad Loss: 3.329
2024-07-12 15:56:37,074 - 34000; G: 0.052; D: 0.016; Grad: 0.014; Alpha: 0.793
2024-07-12 15:56:37,074 - Avg Disc Loss: 4.177, Avg Gen Loss: 13.184, Avg Grad Loss: 3.456
2024-07-12 15:56:42,647 - 34500; G: 0.049; D: 0.014; Grad: 0.013; Alpha: 0.805
2024-07-12 15:56:42,647 - Avg Disc Loss: 4.202, Avg Gen Loss: 12.884, Avg Grad Loss: 3.247
2024-07-12 15:56:48,118 - 35000; G: 0.045; D: 0.010; Grad: 0.013; Alpha: 0.817
2024-07-12 15:56:48,118 - Avg Disc Loss: 2.737, Avg Gen Loss: 11.477, Avg Grad Loss: 3.298
2024-07-12 15:56:53,616 - 35500; G: 0.046; D: 0.011; Grad: 0.012; Alpha: 0.828
2024-07-12 15:56:53,616 - Avg Disc Loss: 2.690, Avg Gen Loss: 11.281, Avg Grad Loss: 3.130
2024-07-12 15:56:59,857 - 36000; G: 0.042; D: 0.009; Grad: 0.012; Alpha: 0.840
2024-07-12 15:56:59,857 - Avg Disc Loss: 1.538, Avg Gen Loss: 9.792, Avg Grad Loss: 3.054
2024-07-12 15:57:06,000 - 36500; G: 0.051; D: 0.015; Grad: 0.012; Alpha: 0.852
2024-07-12 15:57:06,000 - Avg Disc Loss: 3.793, Avg Gen Loss: 12.862, Avg Grad Loss: 3.034
2024-07-12 15:57:11,837 - 37000; G: 0.045; D: 0.011; Grad: 0.012; Alpha: 0.863
2024-07-12 15:57:11,837 - Avg Disc Loss: 3.146, Avg Gen Loss: 11.519, Avg Grad Loss: 3.122
2024-07-12 15:57:18,666 - 37500; G: 0.038; D: 0.007; Grad: 0.011; Alpha: 0.875
2024-07-12 15:57:18,666 - Avg Disc Loss: 1.216, Avg Gen Loss: 8.858, Avg Grad Loss: 2.778
2024-07-12 15:57:24,823 - 38000; G: 0.045; D: 0.012; Grad: 0.012; Alpha: 0.887
2024-07-12 15:57:24,823 - Avg Disc Loss: 3.179, Avg Gen Loss: 11.541, Avg Grad Loss: 2.927
2024-07-12 15:57:31,034 - 38500; G: 0.042; D: 0.010; Grad: 0.011; Alpha: 0.898
2024-07-12 15:57:31,034 - Avg Disc Loss: 2.205, Avg Gen Loss: 10.178, Avg Grad Loss: 2.857
2024-07-12 15:57:36,890 - 39000; G: 0.044; D: 0.012; Grad: 0.012; Alpha: 0.910
2024-07-12 15:57:36,890 - Avg Disc Loss: 3.308, Avg Gen Loss: 11.534, Avg Grad Loss: 3.048
2024-07-12 15:57:43,255 - 39500; G: 0.042; D: 0.011; Grad: 0.011; Alpha: 0.922
2024-07-12 15:57:43,255 - Avg Disc Loss: 2.736, Avg Gen Loss: 10.911, Avg Grad Loss: 2.917
2024-07-12 15:57:49,003 - 40000; G: 0.038; D: 0.007; Grad: 0.011; Alpha: 0.933
2024-07-12 15:57:49,004 - Avg Disc Loss: 1.624, Avg Gen Loss: 9.534, Avg Grad Loss: 2.790
2024-07-12 15:57:55,972 - 40500; G: 0.042; D: 0.009; Grad: 0.011; Alpha: 0.945
2024-07-12 15:57:55,972 - Avg Disc Loss: 2.348, Avg Gen Loss: 10.606, Avg Grad Loss: 2.897
2024-07-12 15:58:02,022 - 41000; G: 0.039; D: 0.009; Grad: 0.011; Alpha: 0.957
2024-07-12 15:58:02,022 - Avg Disc Loss: 1.999, Avg Gen Loss: 9.375, Avg Grad Loss: 2.698
2024-07-12 15:58:08,725 - 41500; G: 0.040; D: 0.010; Grad: 0.011; Alpha: 0.968
2024-07-12 15:58:08,725 - Avg Disc Loss: 2.733, Avg Gen Loss: 10.242, Avg Grad Loss: 2.728
2024-07-12 15:58:15,324 - 42000; G: 0.038; D: 0.007; Grad: 0.011; Alpha: 0.980
2024-07-12 15:58:15,324 - Avg Disc Loss: 1.442, Avg Gen Loss: 9.263, Avg Grad Loss: 2.828
2024-07-12 15:58:21,275 - 42500; G: 0.041; D: 0.010; Grad: 0.011; Alpha: 0.992
2024-07-12 15:58:21,275 - Avg Disc Loss: 2.534, Avg Gen Loss: 9.836, Avg Grad Loss: 2.667
2024-07-12 15:58:27,151 - 43000; G: 0.038; D: 0.008; Grad: 0.011; Alpha: 1.000
2024-07-12 15:58:27,151 - Avg Disc Loss: 2.255, Avg Gen Loss: 9.579, Avg Grad Loss: 2.721
2024-07-12 15:58:33,219 - 43500; G: 0.037; D: 0.008; Grad: 0.011; Alpha: 1.000
2024-07-12 15:58:33,219 - Avg Disc Loss: 2.721, Avg Gen Loss: 10.076, Avg Grad Loss: 2.620
2024-07-12 15:58:38,805 - 44000; G: 0.036; D: 0.007; Grad: 0.010; Alpha: 1.000
2024-07-12 15:58:38,805 - Avg Disc Loss: 1.969, Avg Gen Loss: 9.132, Avg Grad Loss: 2.597
2024-07-12 15:58:44,445 - 44500; G: 0.038; D: 0.008; Grad: 0.010; Alpha: 1.000
2024-07-12 15:58:44,445 - Avg Disc Loss: 1.752, Avg Gen Loss: 9.331, Avg Grad Loss: 2.556
2024-07-12 15:58:50,102 - 45000; G: 0.035; D: 0.005; Grad: 0.010; Alpha: 1.000
2024-07-12 15:58:50,102 - Avg Disc Loss: 0.862, Avg Gen Loss: 8.170, Avg Grad Loss: 2.423
2024-07-12 15:58:56,387 - 45500; G: 0.035; D: 0.006; Grad: 0.010; Alpha: 1.000
2024-07-12 15:58:56,387 - Avg Disc Loss: 1.473, Avg Gen Loss: 8.540, Avg Grad Loss: 2.420
2024-07-12 15:59:03,031 - 46000; G: 0.036; D: 0.007; Grad: 0.010; Alpha: 1.000
2024-07-12 15:59:03,031 - Avg Disc Loss: 1.694, Avg Gen Loss: 9.114, Avg Grad Loss: 2.464
2024-07-12 15:59:09,144 - 46500; G: 0.038; D: 0.008; Grad: 0.010; Alpha: 1.000
2024-07-12 15:59:09,144 - Avg Disc Loss: 2.062, Avg Gen Loss: 9.399, Avg Grad Loss: 2.513
2024-07-12 15:59:16,025 - 47000; G: 0.034; D: 0.006; Grad: 0.010; Alpha: 1.000
2024-07-12 15:59:16,025 - Avg Disc Loss: 1.379, Avg Gen Loss: 8.599, Avg Grad Loss: 2.505
2024-07-12 15:59:22,003 - 47500; G: 0.032; D: 0.005; Grad: 0.010; Alpha: 1.000
2024-07-12 15:59:22,003 - Avg Disc Loss: 1.677, Avg Gen Loss: 8.685, Avg Grad Loss: 2.513
2024-07-12 15:59:27,647 - 48000; G: 0.035; D: 0.006; Grad: 0.009; Alpha: 1.000
2024-07-12 15:59:27,647 - Avg Disc Loss: 1.597, Avg Gen Loss: 8.950, Avg Grad Loss: 2.450
2024-07-12 15:59:33,373 - 48500; G: 0.036; D: 0.007; Grad: 0.009; Alpha: 1.000
2024-07-12 15:59:33,373 - Avg Disc Loss: 1.402, Avg Gen Loss: 8.548, Avg Grad Loss: 2.236
2024-07-12 15:59:39,452 - 49000; G: 0.034; D: 0.006; Grad: 0.009; Alpha: 1.000
2024-07-12 15:59:39,452 - Avg Disc Loss: 0.891, Avg Gen Loss: 7.879, Avg Grad Loss: 2.226
2024-07-12 15:59:45,106 - 49500; G: 0.034; D: 0.006; Grad: 0.010; Alpha: 1.000
2024-07-12 15:59:45,106 - Avg Disc Loss: 1.467, Avg Gen Loss: 8.146, Avg Grad Loss: 2.332
2024-07-12 15:59:51,517 - 50000; G: 0.031; D: 0.004; Grad: 0.009; Alpha: 1.000
2024-07-12 15:59:51,517 - Avg Disc Loss: 0.935, Avg Gen Loss: 7.706, Avg Grad Loss: 2.225
2024-07-12 15:59:57,728 - 50500; G: 0.030; D: 0.003; Grad: 0.009; Alpha: 1.000
2024-07-12 15:59:57,728 - Avg Disc Loss: 0.941, Avg Gen Loss: 7.805, Avg Grad Loss: 2.255
2024-07-12 16:00:03,712 - 51000; G: 0.028; D: 0.001; Grad: 0.008; Alpha: 1.000
2024-07-12 16:00:03,712 - Avg Disc Loss: 0.107, Avg Gen Loss: 6.881, Avg Grad Loss: 2.146
2024-07-12 16:00:09,369 - 51500; G: 0.031; D: 0.004; Grad: 0.009; Alpha: 1.000
2024-07-12 16:00:09,369 - Avg Disc Loss: 1.359, Avg Gen Loss: 8.011, Avg Grad Loss: 2.130
2024-07-12 16:00:14,983 - 52000; G: 0.032; D: 0.006; Grad: 0.008; Alpha: 1.000
2024-07-12 16:00:14,983 - Avg Disc Loss: 1.673, Avg Gen Loss: 8.337, Avg Grad Loss: 2.047
2024-07-12 16:00:21,377 - 52500; G: 0.031; D: 0.003; Grad: 0.008; Alpha: 1.000
2024-07-12 16:00:21,377 - Avg Disc Loss: 1.022, Avg Gen Loss: 8.064, Avg Grad Loss: 2.050
2024-07-12 16:00:27,406 - 53000; G: 0.032; D: 0.006; Grad: 0.009; Alpha: 1.000
2024-07-12 16:00:27,406 - Avg Disc Loss: 0.947, Avg Gen Loss: 7.676, Avg Grad Loss: 2.140
2024-07-12 16:00:33,171 - 53500; G: 0.034; D: 0.006; Grad: 0.009; Alpha: 1.000
2024-07-12 16:00:33,171 - Avg Disc Loss: 2.108, Avg Gen Loss: 9.205, Avg Grad Loss: 2.290
2024-07-12 16:00:38,938 - 54000; G: 0.031; D: 0.003; Grad: 0.009; Alpha: 1.000
2024-07-12 16:00:38,938 - Avg Disc Loss: 1.118, Avg Gen Loss: 7.926, Avg Grad Loss: 2.338
2024-07-12 16:00:46,348 - 54500; G: 0.027; D: 0.002; Grad: 0.009; Alpha: 1.000
2024-07-12 16:00:46,348 - Avg Disc Loss: 0.653, Avg Gen Loss: 7.166, Avg Grad Loss: 2.181
2024-07-12 16:00:52,023 - 55000; G: 0.032; D: 0.006; Grad: 0.008; Alpha: 1.000
2024-07-12 16:00:52,023 - Avg Disc Loss: 1.066, Avg Gen Loss: 7.435, Avg Grad Loss: 2.037
2024-07-12 16:00:57,689 - 55500; G: 0.031; D: 0.005; Grad: 0.008; Alpha: 1.000
2024-07-12 16:00:57,690 - Avg Disc Loss: 1.206, Avg Gen Loss: 7.650, Avg Grad Loss: 1.998
2024-07-12 16:01:03,416 - 56000; G: 0.028; D: 0.002; Grad: 0.008; Alpha: 1.000
2024-07-12 16:01:03,416 - Avg Disc Loss: 0.727, Avg Gen Loss: 7.115, Avg Grad Loss: 2.101
2024-07-12 16:01:09,406 - 56500; G: 0.032; D: 0.006; Grad: 0.008; Alpha: 1.000
2024-07-12 16:01:09,406 - Avg Disc Loss: 1.977, Avg Gen Loss: 8.517, Avg Grad Loss: 1.982
2024-07-12 16:01:15,094 - 57000; G: 0.028; D: 0.001; Grad: 0.008; Alpha: 1.000
2024-07-12 16:01:15,094 - Avg Disc Loss: 0.266, Avg Gen Loss: 6.950, Avg Grad Loss: 2.033
2024-07-12 16:01:20,855 - 57500; G: 0.028; D: 0.003; Grad: 0.008; Alpha: 1.000
2024-07-12 16:01:20,855 - Avg Disc Loss: 0.854, Avg Gen Loss: 7.029, Avg Grad Loss: 1.984
2024-07-12 16:01:27,272 - 58000; G: 0.025; D: 0.001; Grad: 0.008; Alpha: 1.000
2024-07-12 16:01:27,272 - Avg Disc Loss: -0.370, Avg Gen Loss: 5.714, Avg Grad Loss: 1.897
2024-07-12 16:01:33,527 - 58500; G: 0.024; D: -0.000; Grad: 0.008; Alpha: 1.000
2024-07-12 16:01:33,527 - Avg Disc Loss: 0.020, Avg Gen Loss: 6.041, Avg Grad Loss: 1.903
2024-07-12 16:01:39,124 - 59000; G: 0.023; D: -0.000; Grad: 0.008; Alpha: 1.000
2024-07-12 16:01:39,124 - Avg Disc Loss: -0.306, Avg Gen Loss: 5.531, Avg Grad Loss: 1.993
2024-07-12 16:01:45,211 - 59500; G: 0.024; D: 0.001; Grad: 0.007; Alpha: 1.000
2024-07-12 16:01:45,211 - Avg Disc Loss: 0.256, Avg Gen Loss: 6.202, Avg Grad Loss: 1.852
2024-07-12 16:01:51,031 - 60000; G: 0.024; D: 0.000; Grad: 0.007; Alpha: 1.000
2024-07-12 16:01:51,031 - Avg Disc Loss: 0.171, Avg Gen Loss: 6.039, Avg Grad Loss: 1.819
2024-07-12 16:01:57,102 - 60500; G: 0.024; D: 0.001; Grad: 0.007; Alpha: 1.000
2024-07-12 16:01:57,102 - Avg Disc Loss: -0.105, Avg Gen Loss: 5.619, Avg Grad Loss: 1.790
2024-07-12 16:02:03,159 - 61000; G: 0.024; D: 0.001; Grad: 0.007; Alpha: 1.000
2024-07-12 16:02:03,159 - Avg Disc Loss: 0.297, Avg Gen Loss: 5.987, Avg Grad Loss: 1.691
2024-07-12 16:02:09,163 - 61500; G: 0.025; D: 0.002; Grad: 0.007; Alpha: 1.000
2024-07-12 16:02:09,163 - Avg Disc Loss: 0.350, Avg Gen Loss: 5.962, Avg Grad Loss: 1.773
2024-07-12 16:02:15,462 - 62000; G: 0.025; D: 0.001; Grad: 0.007; Alpha: 1.000
2024-07-12 16:02:15,462 - Avg Disc Loss: 0.621, Avg Gen Loss: 6.293, Avg Grad Loss: 1.905
2024-07-12 16:02:21,575 - 62500; G: 0.022; D: 0.000; Grad: 0.007; Alpha: 1.000
2024-07-12 16:02:21,575 - Avg Disc Loss: -0.279, Avg Gen Loss: 5.056, Avg Grad Loss: 1.723
2024-07-12 16:02:27,439 - 63000; G: 0.019; D: -0.002; Grad: 0.006; Alpha: 1.000
2024-07-12 16:02:27,439 - Avg Disc Loss: -0.802, Avg Gen Loss: 4.638, Avg Grad Loss: 1.641
2024-07-12 16:02:34,070 - 63500; G: 0.024; D: 0.001; Grad: 0.007; Alpha: 1.000
2024-07-12 16:02:34,070 - Avg Disc Loss: 0.495, Avg Gen Loss: 6.235, Avg Grad Loss: 1.718
2024-07-12 16:02:40,076 - 64000; G: 0.021; D: -0.001; Grad: 0.007; Alpha: 1.000
2024-07-12 16:02:40,076 - Avg Disc Loss: -0.157, Avg Gen Loss: 5.345, Avg Grad Loss: 1.650
2024-07-12 16:02:46,075 - 64500; G: 0.026; D: 0.003; Grad: 0.007; Alpha: 1.000
2024-07-12 16:02:46,075 - Avg Disc Loss: 0.910, Avg Gen Loss: 6.867, Avg Grad Loss: 1.690
2024-07-12 16:02:51,673 - 65000; G: 0.023; D: 0.001; Grad: 0.007; Alpha: 1.000
2024-07-12 16:02:51,673 - Avg Disc Loss: 0.301, Avg Gen Loss: 5.632, Avg Grad Loss: 1.602
2024-07-12 16:02:57,344 - 65500; G: 0.023; D: 0.000; Grad: 0.007; Alpha: 1.000
2024-07-12 16:02:57,344 - Avg Disc Loss: -0.159, Avg Gen Loss: 5.454, Avg Grad Loss: 1.573
2024-07-12 16:03:03,610 - 66000; G: 0.021; D: -0.001; Grad: 0.007; Alpha: 1.000
2024-07-12 16:03:03,610 - Avg Disc Loss: -0.232, Avg Gen Loss: 5.366, Avg Grad Loss: 1.673
2024-07-12 16:03:09,728 - 66500; G: 0.026; D: 0.003; Grad: 0.006; Alpha: 1.000
2024-07-12 16:03:09,728 - Avg Disc Loss: 0.118, Avg Gen Loss: 5.542, Avg Grad Loss: 1.553
2024-07-12 16:03:15,833 - 67000; G: 0.023; D: 0.002; Grad: 0.007; Alpha: 1.000
2024-07-12 16:03:15,833 - Avg Disc Loss: 0.096, Avg Gen Loss: 5.672, Avg Grad Loss: 1.691
2024-07-12 16:03:21,916 - 67500; G: 0.023; D: 0.000; Grad: 0.007; Alpha: 1.000
2024-07-12 16:03:21,916 - Avg Disc Loss: -0.165, Avg Gen Loss: 5.701, Avg Grad Loss: 1.639
2024-07-12 16:03:27,787 - 68000; G: 0.023; D: -0.000; Grad: 0.007; Alpha: 1.000
2024-07-12 16:03:27,787 - Avg Disc Loss: 0.781, Avg Gen Loss: 6.675, Avg Grad Loss: 1.774
2024-07-12 16:03:33,650 - 68500; G: 0.021; D: 0.000; Grad: 0.006; Alpha: 1.000
2024-07-12 16:03:33,650 - Avg Disc Loss: 0.273, Avg Gen Loss: 5.563, Avg Grad Loss: 1.481
2024-07-12 16:03:39,775 - 69000; G: 0.027; D: 0.004; Grad: 0.006; Alpha: 1.000
2024-07-12 16:03:39,775 - Avg Disc Loss: 0.747, Avg Gen Loss: 6.408, Avg Grad Loss: 1.569
2024-07-12 16:03:46,335 - 69500; G: 0.022; D: -0.000; Grad: 0.006; Alpha: 1.000
2024-07-12 16:03:46,335 - Avg Disc Loss: 0.074, Avg Gen Loss: 5.650, Avg Grad Loss: 1.664
2024-07-12 16:03:52,171 - 70000; G: 0.021; D: -0.001; Grad: 0.006; Alpha: 1.000
2024-07-12 16:03:52,171 - Avg Disc Loss: -0.367, Avg Gen Loss: 4.738, Avg Grad Loss: 1.650
2024-07-12 16:03:57,947 - 70500; G: 0.017; D: -0.004; Grad: 0.006; Alpha: 1.000
2024-07-12 16:03:57,947 - Avg Disc Loss: -1.197, Avg Gen Loss: 4.117, Avg Grad Loss: 1.477
2024-07-12 16:04:03,864 - 71000; G: 0.021; D: -0.001; Grad: 0.006; Alpha: 1.000
2024-07-12 16:04:03,864 - Avg Disc Loss: -0.329, Avg Gen Loss: 5.242, Avg Grad Loss: 1.446
2024-07-12 16:04:10,175 - 71500; G: 0.020; D: -0.001; Grad: 0.006; Alpha: 1.000
2024-07-12 16:04:10,175 - Avg Disc Loss: 0.100, Avg Gen Loss: 5.294, Avg Grad Loss: 1.448
2024-07-12 16:04:16,146 - 72000; G: 0.021; D: -0.000; Grad: 0.006; Alpha: 1.000
2024-07-12 16:04:16,146 - Avg Disc Loss: -0.266, Avg Gen Loss: 5.147, Avg Grad Loss: 1.440
2024-07-12 16:04:21,985 - 72500; G: 0.020; D: -0.000; Grad: 0.006; Alpha: 1.000
2024-07-12 16:04:21,985 - Avg Disc Loss: -0.427, Avg Gen Loss: 4.476, Avg Grad Loss: 1.400
2024-07-12 16:04:27,798 - 73000; G: 0.019; D: -0.002; Grad: 0.006; Alpha: 1.000
2024-07-12 16:04:27,798 - Avg Disc Loss: -0.173, Avg Gen Loss: 5.114, Avg Grad Loss: 1.538
2024-07-12 16:04:34,038 - 73500; G: 0.017; D: -0.003; Grad: 0.006; Alpha: 1.000
2024-07-12 16:04:34,038 - Avg Disc Loss: -0.924, Avg Gen Loss: 4.029, Avg Grad Loss: 1.304
2024-07-12 16:04:40,190 - 74000; G: 0.018; D: -0.001; Grad: 0.005; Alpha: 1.000
2024-07-12 16:04:40,190 - Avg Disc Loss: -0.296, Avg Gen Loss: 4.502, Avg Grad Loss: 1.318
2024-07-12 16:04:46,485 - 74500; G: 0.022; D: 0.001; Grad: 0.006; Alpha: 1.000
2024-07-12 16:04:46,485 - Avg Disc Loss: 0.122, Avg Gen Loss: 5.443, Avg Grad Loss: 1.360
2024-07-12 16:04:52,447 - 75000; G: 0.020; D: -0.001; Grad: 0.005; Alpha: 1.000
2024-07-12 16:04:52,447 - Avg Disc Loss: -0.381, Avg Gen Loss: 4.655, Avg Grad Loss: 1.350
2024-07-12 16:04:58,583 - 75500; G: 0.019; D: -0.001; Grad: 0.006; Alpha: 1.000
2024-07-12 16:04:58,584 - Avg Disc Loss: -0.418, Avg Gen Loss: 4.569, Avg Grad Loss: 1.447
2024-07-12 16:05:04,356 - 76000; G: 0.018; D: -0.002; Grad: 0.005; Alpha: 1.000
2024-07-12 16:05:04,356 - Avg Disc Loss: -0.513, Avg Gen Loss: 4.248, Avg Grad Loss: 1.323
2024-07-12 16:05:10,031 - 76500; G: 0.021; D: 0.001; Grad: 0.005; Alpha: 1.000
2024-07-12 16:05:10,031 - Avg Disc Loss: 0.122, Avg Gen Loss: 5.073, Avg Grad Loss: 1.266
2024-07-12 16:05:16,164 - 77000; G: 0.015; D: -0.004; Grad: 0.006; Alpha: 1.000
2024-07-12 16:05:16,164 - Avg Disc Loss: -0.794, Avg Gen Loss: 4.242, Avg Grad Loss: 1.472
2024-07-12 16:05:22,326 - 77500; G: 0.018; D: -0.002; Grad: 0.005; Alpha: 1.000
2024-07-12 16:05:22,326 - Avg Disc Loss: -0.482, Avg Gen Loss: 4.625, Avg Grad Loss: 1.263
2024-07-12 16:05:28,161 - 78000; G: 0.019; D: -0.001; Grad: 0.005; Alpha: 1.000
2024-07-12 16:05:28,161 - Avg Disc Loss: -0.379, Avg Gen Loss: 4.732, Avg Grad Loss: 1.337
2024-07-12 16:05:34,086 - 78500; G: 0.018; D: -0.001; Grad: 0.005; Alpha: 1.000
2024-07-12 16:05:34,086 - Avg Disc Loss: -0.611, Avg Gen Loss: 4.403, Avg Grad Loss: 1.321
2024-07-12 16:05:40,141 - 79000; G: 0.018; D: -0.002; Grad: 0.005; Alpha: 1.000
2024-07-12 16:05:40,141 - Avg Disc Loss: -0.547, Avg Gen Loss: 4.578, Avg Grad Loss: 1.344
2024-07-12 16:05:45,859 - 79500; G: 0.017; D: -0.002; Grad: 0.005; Alpha: 1.000
2024-07-12 16:05:45,860 - Avg Disc Loss: -0.558, Avg Gen Loss: 4.318, Avg Grad Loss: 1.298
2024-07-12 16:05:51,621 - 80000; G: 0.015; D: -0.004; Grad: 0.005; Alpha: 1.000
2024-07-12 16:05:51,621 - Avg Disc Loss: -0.946, Avg Gen Loss: 3.609, Avg Grad Loss: 1.342
2024-07-12 16:05:58,105 - 80500; G: 0.014; D: -0.005; Grad: 0.005; Alpha: 1.000
2024-07-12 16:05:58,105 - Avg Disc Loss: -1.400, Avg Gen Loss: 3.248, Avg Grad Loss: 1.224
2024-07-12 16:06:04,846 - 81000; G: 0.016; D: -0.003; Grad: 0.005; Alpha: 1.000
2024-07-12 16:06:04,846 - Avg Disc Loss: -0.540, Avg Gen Loss: 4.194, Avg Grad Loss: 1.215
2024-07-12 16:06:10,649 - 81500; G: 0.018; D: -0.002; Grad: 0.005; Alpha: 1.000
2024-07-12 16:06:10,649 - Avg Disc Loss: -0.099, Avg Gen Loss: 4.750, Avg Grad Loss: 1.263
2024-07-12 16:06:16,302 - 82000; G: 0.012; D: -0.006; Grad: 0.004; Alpha: 1.000
2024-07-12 16:06:16,302 - Avg Disc Loss: -1.262, Avg Gen Loss: 3.100, Avg Grad Loss: 1.151
2024-07-12 16:06:21,915 - 82500; G: 0.015; D: -0.002; Grad: 0.005; Alpha: 1.000
2024-07-12 16:06:21,915 - Avg Disc Loss: -0.697, Avg Gen Loss: 3.807, Avg Grad Loss: 1.208
2024-07-12 16:06:28,012 - 83000; G: 0.016; D: -0.003; Grad: 0.005; Alpha: 1.000
2024-07-12 16:06:28,012 - Avg Disc Loss: -0.632, Avg Gen Loss: 4.258, Avg Grad Loss: 1.166
2024-07-12 16:06:33,658 - 83500; G: 0.014; D: -0.004; Grad: 0.005; Alpha: 1.000
2024-07-12 16:06:33,658 - Avg Disc Loss: -1.413, Avg Gen Loss: 3.124, Avg Grad Loss: 1.178
2024-07-12 16:06:39,455 - 84000; G: 0.017; D: -0.001; Grad: 0.005; Alpha: 1.000
2024-07-12 16:06:39,455 - Avg Disc Loss: -0.389, Avg Gen Loss: 4.273, Avg Grad Loss: 1.217
2024-07-12 16:06:45,447 - 84500; G: 0.013; D: -0.005; Grad: 0.005; Alpha: 1.000
2024-07-12 16:06:45,447 - Avg Disc Loss: -1.325, Avg Gen Loss: 3.158, Avg Grad Loss: 1.169
2024-07-12 16:06:51,119 - 85000; G: 0.016; D: -0.003; Grad: 0.005; Alpha: 1.000
2024-07-12 16:06:51,119 - Avg Disc Loss: -0.644, Avg Gen Loss: 4.218, Avg Grad Loss: 1.169
2024-07-12 16:06:56,830 - 85500; G: 0.013; D: -0.004; Grad: 0.004; Alpha: 1.000
2024-07-12 16:06:56,830 - Avg Disc Loss: -1.112, Avg Gen Loss: 3.119, Avg Grad Loss: 1.113
2024-07-12 16:07:04,374 - 86000; G: 0.017; D: -0.014; Grad: 0.035; Alpha: 0.007
2024-07-12 16:07:04,374 - Avg Disc Loss: -3.406, Avg Gen Loss: 2.068, Avg Grad Loss: 8.497
2024-07-12 16:07:13,641 - 86500; G: 0.120; D: 0.075; Grad: 0.014; Alpha: 0.018
2024-07-12 16:07:13,641 - Avg Disc Loss: 16.988, Avg Gen Loss: 28.649, Avg Grad Loss: 2.772
2024-07-12 16:07:22,133 - 87000; G: 0.555; D: 0.367; Grad: 0.048; Alpha: 0.030
2024-07-12 16:07:22,133 - Avg Disc Loss: 84.673, Avg Gen Loss: 114.922, Avg Grad Loss: 9.516
2024-07-12 16:07:30,697 - 87500; G: 0.497; D: 0.169; Grad: 0.049; Alpha: 0.042
2024-07-12 16:07:30,697 - Avg Disc Loss: 27.201, Avg Gen Loss: 161.213, Avg Grad Loss: 10.941
2024-07-12 16:07:39,513 - 88000; G: 0.449; D: 0.257; Grad: 0.051; Alpha: 0.053
2024-07-12 16:07:39,513 - Avg Disc Loss: 58.450, Avg Gen Loss: 114.101, Avg Grad Loss: 13.168
2024-07-12 16:07:47,830 - 88500; G: 0.507; D: 0.329; Grad: 0.063; Alpha: 0.065
2024-07-12 16:07:47,830 - Avg Disc Loss: 79.304, Avg Gen Loss: 121.466, Avg Grad Loss: 14.567
2024-07-12 16:07:56,156 - 89000; G: 0.425; D: 0.255; Grad: 0.062; Alpha: 0.077
2024-07-12 16:07:56,156 - Avg Disc Loss: 66.053, Avg Gen Loss: 118.500, Avg Grad Loss: 16.562
2024-07-12 16:08:04,957 - 89500; G: 0.403; D: 0.241; Grad: 0.062; Alpha: 0.088
2024-07-12 16:08:04,958 - Avg Disc Loss: 62.233, Avg Gen Loss: 118.177, Avg Grad Loss: 15.055
2024-07-12 16:08:13,929 - 90000; G: 0.409; D: 0.154; Grad: 0.061; Alpha: 0.100
2024-07-12 16:08:13,929 - Avg Disc Loss: 38.442, Avg Gen Loss: 102.009, Avg Grad Loss: 15.022
2024-07-12 16:08:22,713 - 90500; G: 0.462; D: 0.195; Grad: 0.064; Alpha: 0.112
2024-07-12 16:08:22,713 - Avg Disc Loss: 49.037, Avg Gen Loss: 110.855, Avg Grad Loss: 15.876
2024-07-12 16:08:31,022 - 91000; G: 0.443; D: 0.193; Grad: 0.064; Alpha: 0.123
2024-07-12 16:08:31,022 - Avg Disc Loss: 49.850, Avg Gen Loss: 115.034, Avg Grad Loss: 16.107
2024-07-12 16:08:39,651 - 91500; G: 0.393; D: 0.161; Grad: 0.063; Alpha: 0.135
2024-07-12 16:08:39,651 - Avg Disc Loss: 42.267, Avg Gen Loss: 97.556, Avg Grad Loss: 15.851
2024-07-12 16:08:48,073 - 92000; G: 0.349; D: 0.155; Grad: 0.066; Alpha: 0.147
2024-07-12 16:08:48,074 - Avg Disc Loss: 39.458, Avg Gen Loss: 92.753, Avg Grad Loss: 16.270
2024-07-12 16:08:56,478 - 92500; G: 0.291; D: 0.125; Grad: 0.059; Alpha: 0.158
2024-07-12 16:08:56,478 - Avg Disc Loss: 30.175, Avg Gen Loss: 73.965, Avg Grad Loss: 15.104
2024-07-12 16:09:04,831 - 93000; G: 0.340; D: 0.121; Grad: 0.056; Alpha: 0.170
2024-07-12 16:09:04,831 - Avg Disc Loss: 29.711, Avg Gen Loss: 81.845, Avg Grad Loss: 14.025
2024-07-12 16:09:13,619 - 93500; G: 0.267; D: 0.133; Grad: 0.059; Alpha: 0.182
2024-07-12 16:09:13,619 - Avg Disc Loss: 35.331, Avg Gen Loss: 65.632, Avg Grad Loss: 14.630
2024-07-12 16:09:22,957 - 94000; G: 0.366; D: 0.122; Grad: 0.060; Alpha: 0.193
2024-07-12 16:09:22,957 - Avg Disc Loss: 27.818, Avg Gen Loss: 82.077, Avg Grad Loss: 14.983
2024-07-12 16:09:31,559 - 94500; G: 0.232; D: 0.096; Grad: 0.057; Alpha: 0.205
2024-07-12 16:09:31,559 - Avg Disc Loss: 24.342, Avg Gen Loss: 56.246, Avg Grad Loss: 14.160
2024-07-12 16:09:40,272 - 95000; G: 0.312; D: 0.094; Grad: 0.054; Alpha: 0.217
2024-07-12 16:09:40,272 - Avg Disc Loss: 23.583, Avg Gen Loss: 81.583, Avg Grad Loss: 13.669
2024-07-12 16:09:49,018 - 95500; G: 0.311; D: 0.112; Grad: 0.054; Alpha: 0.228
2024-07-12 16:09:49,018 - Avg Disc Loss: 28.918, Avg Gen Loss: 72.574, Avg Grad Loss: 13.505
2024-07-12 16:09:57,301 - 96000; G: 0.267; D: 0.096; Grad: 0.053; Alpha: 0.240
2024-07-12 16:09:57,301 - Avg Disc Loss: 23.695, Avg Gen Loss: 69.791, Avg Grad Loss: 13.723
2024-07-12 16:10:05,572 - 96500; G: 0.237; D: 0.089; Grad: 0.053; Alpha: 0.252
2024-07-12 16:10:05,572 - Avg Disc Loss: 21.291, Avg Gen Loss: 56.643, Avg Grad Loss: 13.148
2024-07-12 16:10:14,091 - 97000; G: 0.323; D: 0.085; Grad: 0.053; Alpha: 0.263
2024-07-12 16:10:14,091 - Avg Disc Loss: 21.910, Avg Gen Loss: 70.233, Avg Grad Loss: 13.243
2024-07-12 16:10:22,438 - 97500; G: 0.206; D: 0.090; Grad: 0.050; Alpha: 0.275
2024-07-12 16:10:22,438 - Avg Disc Loss: 21.396, Avg Gen Loss: 46.132, Avg Grad Loss: 12.833
2024-07-12 16:10:31,509 - 98000; G: 0.242; D: 0.107; Grad: 0.051; Alpha: 0.287
2024-07-12 16:10:31,509 - Avg Disc Loss: 26.286, Avg Gen Loss: 73.544, Avg Grad Loss: 12.685
2024-07-12 16:10:40,299 - 98500; G: 0.281; D: 0.077; Grad: 0.048; Alpha: 0.298
2024-07-12 16:10:40,299 - Avg Disc Loss: 19.537, Avg Gen Loss: 71.996, Avg Grad Loss: 12.131
2024-07-12 16:10:49,076 - 99000; G: 0.197; D: 0.077; Grad: 0.046; Alpha: 0.310
2024-07-12 16:10:49,076 - Avg Disc Loss: 19.843, Avg Gen Loss: 42.063, Avg Grad Loss: 11.327
2024-07-12 16:10:57,724 - 99500; G: 0.220; D: 0.075; Grad: 0.046; Alpha: 0.322
2024-07-12 16:10:57,724 - Avg Disc Loss: 19.376, Avg Gen Loss: 59.175, Avg Grad Loss: 11.593
2024-07-12 16:11:06,248 - 100000; G: 0.249; D: 0.085; Grad: 0.043; Alpha: 0.333
2024-07-12 16:11:06,248 - Avg Disc Loss: 20.149, Avg Gen Loss: 61.314, Avg Grad Loss: 10.589
2024-07-12 16:11:14,744 - 100500; G: 0.245; D: 0.078; Grad: 0.042; Alpha: 0.345
2024-07-12 16:11:14,745 - Avg Disc Loss: 19.389, Avg Gen Loss: 60.557, Avg Grad Loss: 10.552
2024-07-12 16:11:23,497 - 101000; G: 0.265; D: 0.083; Grad: 0.044; Alpha: 0.357
2024-07-12 16:11:23,497 - Avg Disc Loss: 21.980, Avg Gen Loss: 61.861, Avg Grad Loss: 10.884
2024-07-12 16:11:32,612 - 101500; G: 0.205; D: 0.086; Grad: 0.041; Alpha: 0.368
2024-07-12 16:11:32,612 - Avg Disc Loss: 20.532, Avg Gen Loss: 43.709, Avg Grad Loss: 10.354
2024-07-12 16:11:40,956 - 102000; G: 0.223; D: 0.087; Grad: 0.043; Alpha: 0.380
2024-07-12 16:11:40,956 - Avg Disc Loss: 21.077, Avg Gen Loss: 46.738, Avg Grad Loss: 10.688
2024-07-12 16:11:49,180 - 102500; G: 0.250; D: 0.084; Grad: 0.041; Alpha: 0.392
2024-07-12 16:11:49,180 - Avg Disc Loss: 21.229, Avg Gen Loss: 68.310, Avg Grad Loss: 10.098
2024-07-12 16:11:57,555 - 103000; G: 0.241; D: 0.085; Grad: 0.042; Alpha: 0.403
2024-07-12 16:11:57,555 - Avg Disc Loss: 21.907, Avg Gen Loss: 62.619, Avg Grad Loss: 10.699
2024-07-12 16:12:05,688 - 103500; G: 0.193; D: 0.071; Grad: 0.040; Alpha: 0.415
2024-07-12 16:12:05,688 - Avg Disc Loss: 16.760, Avg Gen Loss: 46.438, Avg Grad Loss: 10.092
2024-07-12 16:12:13,797 - 104000; G: 0.272; D: 0.082; Grad: 0.041; Alpha: 0.427
2024-07-12 16:12:13,797 - Avg Disc Loss: 20.237, Avg Gen Loss: 65.693, Avg Grad Loss: 10.462
2024-07-12 16:12:22,128 - 104500; G: 0.185; D: 0.067; Grad: 0.039; Alpha: 0.438
2024-07-12 16:12:22,128 - Avg Disc Loss: 14.791, Avg Gen Loss: 41.122, Avg Grad Loss: 9.687
2024-07-12 16:12:30,320 - 105000; G: 0.194; D: 0.067; Grad: 0.039; Alpha: 0.450
2024-07-12 16:12:30,320 - Avg Disc Loss: 17.579, Avg Gen Loss: 57.842, Avg Grad Loss: 9.881
2024-07-12 16:12:39,504 - 105500; G: 0.195; D: 0.058; Grad: 0.037; Alpha: 0.462
2024-07-12 16:12:39,504 - Avg Disc Loss: 14.428, Avg Gen Loss: 51.865, Avg Grad Loss: 9.366
2024-07-12 16:12:47,854 - 106000; G: 0.202; D: 0.070; Grad: 0.035; Alpha: 0.473
2024-07-12 16:12:47,854 - Avg Disc Loss: 16.672, Avg Gen Loss: 45.571, Avg Grad Loss: 8.640
2024-07-12 16:12:56,530 - 106500; G: 0.196; D: 0.069; Grad: 0.037; Alpha: 0.485
2024-07-12 16:12:56,530 - Avg Disc Loss: 16.404, Avg Gen Loss: 45.475, Avg Grad Loss: 9.407
2024-07-12 16:13:05,233 - 107000; G: 0.180; D: 0.061; Grad: 0.036; Alpha: 0.497
2024-07-12 16:13:05,233 - Avg Disc Loss: 14.689, Avg Gen Loss: 43.685, Avg Grad Loss: 8.839
2024-07-12 16:13:14,210 - 107500; G: 0.195; D: 0.057; Grad: 0.034; Alpha: 0.508
2024-07-12 16:13:14,210 - Avg Disc Loss: 14.502, Avg Gen Loss: 45.015, Avg Grad Loss: 8.549
2024-07-12 16:13:22,916 - 108000; G: 0.194; D: 0.056; Grad: 0.033; Alpha: 0.520
2024-07-12 16:13:22,916 - Avg Disc Loss: 14.129, Avg Gen Loss: 51.973, Avg Grad Loss: 8.246
2024-07-12 16:13:31,922 - 108500; G: 0.209; D: 0.072; Grad: 0.034; Alpha: 0.532
2024-07-12 16:13:31,922 - Avg Disc Loss: 19.828, Avg Gen Loss: 52.170, Avg Grad Loss: 8.467
2024-07-12 16:13:41,295 - 109000; G: 0.201; D: 0.074; Grad: 0.035; Alpha: 0.543
2024-07-12 16:13:41,295 - Avg Disc Loss: 17.763, Avg Gen Loss: 51.521, Avg Grad Loss: 8.614
2024-07-12 16:13:49,814 - 109500; G: 0.198; D: 0.071; Grad: 0.036; Alpha: 0.555
2024-07-12 16:13:49,814 - Avg Disc Loss: 18.918, Avg Gen Loss: 50.340, Avg Grad Loss: 9.350
2024-07-12 16:13:58,191 - 110000; G: 0.181; D: 0.061; Grad: 0.035; Alpha: 0.567
2024-07-12 16:13:58,191 - Avg Disc Loss: 16.320, Avg Gen Loss: 52.747, Avg Grad Loss: 8.691
2024-07-12 16:14:06,998 - 110500; G: 0.194; D: 0.062; Grad: 0.034; Alpha: 0.578
2024-07-12 16:14:06,998 - Avg Disc Loss: 14.763, Avg Gen Loss: 44.915, Avg Grad Loss: 8.654
2024-07-12 16:14:15,580 - 111000; G: 0.172; D: 0.058; Grad: 0.033; Alpha: 0.590
2024-07-12 16:14:15,580 - Avg Disc Loss: 14.916, Avg Gen Loss: 43.801, Avg Grad Loss: 8.477
2024-07-12 16:14:23,745 - 111500; G: 0.170; D: 0.061; Grad: 0.033; Alpha: 0.602
2024-07-12 16:14:23,745 - Avg Disc Loss: 15.580, Avg Gen Loss: 48.335, Avg Grad Loss: 8.333
2024-07-12 16:14:32,249 - 112000; G: 0.188; D: 0.056; Grad: 0.033; Alpha: 0.613
2024-07-12 16:14:32,249 - Avg Disc Loss: 14.074, Avg Gen Loss: 52.182, Avg Grad Loss: 8.330
2024-07-12 16:14:40,388 - 112500; G: 0.165; D: 0.058; Grad: 0.033; Alpha: 0.625
2024-07-12 16:14:40,388 - Avg Disc Loss: 14.862, Avg Gen Loss: 44.963, Avg Grad Loss: 8.183
2024-07-12 16:14:49,337 - 113000; G: 0.213; D: 0.062; Grad: 0.032; Alpha: 0.637
2024-07-12 16:14:49,337 - Avg Disc Loss: 14.507, Avg Gen Loss: 57.177, Avg Grad Loss: 8.056
2024-07-12 16:14:57,747 - 113500; G: 0.150; D: 0.055; Grad: 0.032; Alpha: 0.648
2024-07-12 16:14:57,747 - Avg Disc Loss: 12.194, Avg Gen Loss: 32.040, Avg Grad Loss: 8.037
2024-07-12 16:15:06,584 - 114000; G: 0.178; D: 0.056; Grad: 0.033; Alpha: 0.660
2024-07-12 16:15:06,584 - Avg Disc Loss: 14.831, Avg Gen Loss: 44.693, Avg Grad Loss: 8.286
2024-07-12 16:15:15,044 - 114500; G: 0.161; D: 0.056; Grad: 0.031; Alpha: 0.672
2024-07-12 16:15:15,044 - Avg Disc Loss: 13.962, Avg Gen Loss: 35.632, Avg Grad Loss: 7.649
2024-07-12 16:15:23,281 - 115000; G: 0.181; D: 0.056; Grad: 0.033; Alpha: 0.683
2024-07-12 16:15:23,281 - Avg Disc Loss: 14.496, Avg Gen Loss: 43.843, Avg Grad Loss: 8.164
2024-07-12 16:15:31,401 - 115500; G: 0.142; D: 0.058; Grad: 0.032; Alpha: 0.695
2024-07-12 16:15:31,401 - Avg Disc Loss: 14.221, Avg Gen Loss: 31.619, Avg Grad Loss: 7.803
2024-07-12 16:15:40,266 - 116000; G: 0.170; D: 0.057; Grad: 0.031; Alpha: 0.707
2024-07-12 16:15:40,266 - Avg Disc Loss: 13.659, Avg Gen Loss: 45.350, Avg Grad Loss: 7.716
2024-07-12 16:15:49,128 - 116500; G: 0.163; D: 0.054; Grad: 0.030; Alpha: 0.718
2024-07-12 16:15:49,128 - Avg Disc Loss: 13.292, Avg Gen Loss: 37.720, Avg Grad Loss: 7.622
2024-07-12 16:15:57,929 - 117000; G: 0.185; D: 0.055; Grad: 0.030; Alpha: 0.730
2024-07-12 16:15:57,929 - Avg Disc Loss: 13.883, Avg Gen Loss: 47.332, Avg Grad Loss: 7.693
2024-07-12 16:16:06,436 - 117500; G: 0.134; D: 0.047; Grad: 0.029; Alpha: 0.742
2024-07-12 16:16:06,437 - Avg Disc Loss: 10.813, Avg Gen Loss: 33.978, Avg Grad Loss: 7.029
2024-07-12 16:16:15,252 - 118000; G: 0.173; D: 0.051; Grad: 0.030; Alpha: 0.753
2024-07-12 16:16:15,252 - Avg Disc Loss: 12.531, Avg Gen Loss: 45.188, Avg Grad Loss: 7.573
2024-07-12 16:16:23,815 - 118500; G: 0.179; D: 0.061; Grad: 0.031; Alpha: 0.765
2024-07-12 16:16:23,815 - Avg Disc Loss: 15.769, Avg Gen Loss: 45.104, Avg Grad Loss: 7.659
2024-07-12 16:16:32,200 - 119000; G: 0.149; D: 0.049; Grad: 0.030; Alpha: 0.777
2024-07-12 16:16:32,201 - Avg Disc Loss: 12.723, Avg Gen Loss: 36.041, Avg Grad Loss: 7.502
2024-07-12 16:16:40,853 - 119500; G: 0.125; D: 0.046; Grad: 0.029; Alpha: 0.788
2024-07-12 16:16:40,853 - Avg Disc Loss: 10.295, Avg Gen Loss: 27.039, Avg Grad Loss: 7.232
2024-07-12 16:16:49,076 - 120000; G: 0.212; D: 0.068; Grad: 0.029; Alpha: 0.800
2024-07-12 16:16:49,076 - Avg Disc Loss: 15.904, Avg Gen Loss: 49.694, Avg Grad Loss: 7.197
2024-07-12 16:16:57,997 - 120500; G: 0.171; D: 0.061; Grad: 0.033; Alpha: 0.812
2024-07-12 16:16:57,997 - Avg Disc Loss: 14.866, Avg Gen Loss: 40.293, Avg Grad Loss: 7.981
2024-07-12 16:17:06,130 - 121000; G: 0.156; D: 0.048; Grad: 0.032; Alpha: 0.823
2024-07-12 16:17:06,130 - Avg Disc Loss: 12.456, Avg Gen Loss: 40.539, Avg Grad Loss: 8.208
2024-07-12 16:17:14,789 - 121500; G: 0.119; D: 0.044; Grad: 0.029; Alpha: 0.835
2024-07-12 16:17:14,789 - Avg Disc Loss: 11.611, Avg Gen Loss: 28.090, Avg Grad Loss: 7.344
2024-07-12 16:17:23,443 - 122000; G: 0.183; D: 0.067; Grad: 0.030; Alpha: 0.847
2024-07-12 16:17:23,443 - Avg Disc Loss: 17.376, Avg Gen Loss: 43.742, Avg Grad Loss: 7.427
2024-07-12 16:17:31,779 - 122500; G: 0.142; D: 0.047; Grad: 0.029; Alpha: 0.858
2024-07-12 16:17:31,779 - Avg Disc Loss: 12.581, Avg Gen Loss: 34.141, Avg Grad Loss: 7.340
2024-07-12 16:17:40,164 - 123000; G: 0.136; D: 0.047; Grad: 0.028; Alpha: 0.870
2024-07-12 16:17:40,164 - Avg Disc Loss: 11.455, Avg Gen Loss: 36.543, Avg Grad Loss: 7.106
2024-07-12 16:17:48,842 - 123500; G: 0.167; D: 0.051; Grad: 0.028; Alpha: 0.882
2024-07-12 16:17:48,842 - Avg Disc Loss: 13.283, Avg Gen Loss: 41.666, Avg Grad Loss: 7.056
2024-07-12 16:17:57,868 - 124000; G: 0.154; D: 0.057; Grad: 0.029; Alpha: 0.893
2024-07-12 16:17:57,868 - Avg Disc Loss: 14.116, Avg Gen Loss: 37.556, Avg Grad Loss: 7.123
2024-07-12 16:18:06,592 - 124500; G: 0.217; D: 0.066; Grad: 0.030; Alpha: 0.905
2024-07-12 16:18:06,592 - Avg Disc Loss: 16.517, Avg Gen Loss: 57.889, Avg Grad Loss: 7.386
2024-07-12 16:18:14,946 - 125000; G: 0.136; D: 0.059; Grad: 0.030; Alpha: 0.917
2024-07-12 16:18:14,946 - Avg Disc Loss: 14.797, Avg Gen Loss: 26.218, Avg Grad Loss: 7.648
2024-07-12 16:18:23,786 - 125500; G: 0.172; D: 0.062; Grad: 0.031; Alpha: 0.928
2024-07-12 16:18:23,786 - Avg Disc Loss: 16.624, Avg Gen Loss: 47.741, Avg Grad Loss: 7.946
2024-07-12 16:18:32,111 - 126000; G: 0.152; D: 0.053; Grad: 0.030; Alpha: 0.940
2024-07-12 16:18:32,111 - Avg Disc Loss: 11.286, Avg Gen Loss: 34.407, Avg Grad Loss: 7.605
2024-07-12 16:18:40,469 - 126500; G: 0.138; D: 0.049; Grad: 0.029; Alpha: 0.952
2024-07-12 16:18:40,469 - Avg Disc Loss: 10.944, Avg Gen Loss: 32.051, Avg Grad Loss: 7.348
2024-07-12 16:18:49,118 - 127000; G: 0.131; D: 0.037; Grad: 0.028; Alpha: 0.963
2024-07-12 16:18:49,118 - Avg Disc Loss: 8.924, Avg Gen Loss: 31.934, Avg Grad Loss: 7.082
2024-07-12 16:18:57,631 - 127500; G: 0.194; D: 0.056; Grad: 0.028; Alpha: 0.975
2024-07-12 16:18:57,632 - Avg Disc Loss: 13.386, Avg Gen Loss: 44.837, Avg Grad Loss: 6.879
2024-07-12 16:19:06,833 - 128000; G: 0.139; D: 0.049; Grad: 0.028; Alpha: 0.987
2024-07-12 16:19:06,833 - Avg Disc Loss: 11.881, Avg Gen Loss: 33.088, Avg Grad Loss: 6.903
2024-07-12 16:19:15,408 - 128500; G: 0.158; D: 0.056; Grad: 0.028; Alpha: 0.998
2024-07-12 16:19:15,408 - Avg Disc Loss: 14.954, Avg Gen Loss: 38.217, Avg Grad Loss: 7.031
2024-07-12 16:19:23,529 - 129000; G: 0.104; D: 0.038; Grad: 0.028; Alpha: 1.000
2024-07-12 16:19:23,529 - Avg Disc Loss: 9.819, Avg Gen Loss: 28.908, Avg Grad Loss: 6.846
2024-07-12 16:19:31,239 - 129500; G: 0.130; D: 0.042; Grad: 0.026; Alpha: 1.000
2024-07-12 16:19:31,239 - Avg Disc Loss: 10.128, Avg Gen Loss: 32.744, Avg Grad Loss: 6.587
2024-07-12 16:19:38,906 - 130000; G: 0.174; D: 0.060; Grad: 0.028; Alpha: 1.000
2024-07-12 16:19:38,906 - Avg Disc Loss: 14.900, Avg Gen Loss: 44.787, Avg Grad Loss: 7.119
2024-07-12 16:19:46,654 - 130500; G: 0.136; D: 0.051; Grad: 0.029; Alpha: 1.000
2024-07-12 16:19:46,654 - Avg Disc Loss: 13.283, Avg Gen Loss: 32.858, Avg Grad Loss: 7.240
2024-07-12 16:19:54,436 - 131000; G: 0.151; D: 0.049; Grad: 0.028; Alpha: 1.000
2024-07-12 16:19:54,437 - Avg Disc Loss: 11.372, Avg Gen Loss: 36.481, Avg Grad Loss: 6.898
2024-07-12 16:20:02,079 - 131500; G: 0.159; D: 0.054; Grad: 0.028; Alpha: 1.000
2024-07-12 16:20:02,079 - Avg Disc Loss: 14.362, Avg Gen Loss: 42.853, Avg Grad Loss: 7.037
2024-07-12 16:20:10,442 - 132000; G: 0.162; D: 0.048; Grad: 0.027; Alpha: 1.000
2024-07-12 16:20:10,442 - Avg Disc Loss: 12.892, Avg Gen Loss: 41.242, Avg Grad Loss: 6.944
2024-07-12 16:20:18,051 - 132500; G: 0.117; D: 0.044; Grad: 0.027; Alpha: 1.000
2024-07-12 16:20:18,051 - Avg Disc Loss: 12.384, Avg Gen Loss: 24.306, Avg Grad Loss: 6.762
2024-07-12 16:20:25,936 - 133000; G: 0.128; D: 0.054; Grad: 0.027; Alpha: 1.000
2024-07-12 16:20:25,936 - Avg Disc Loss: 13.021, Avg Gen Loss: 29.917, Avg Grad Loss: 6.670
2024-07-12 16:20:33,659 - 133500; G: 0.159; D: 0.051; Grad: 0.028; Alpha: 1.000
2024-07-12 16:20:33,659 - Avg Disc Loss: 12.737, Avg Gen Loss: 44.373, Avg Grad Loss: 6.865
2024-07-12 16:20:41,293 - 134000; G: 0.139; D: 0.048; Grad: 0.028; Alpha: 1.000
2024-07-12 16:20:41,293 - Avg Disc Loss: 11.774, Avg Gen Loss: 33.017, Avg Grad Loss: 6.924
2024-07-12 16:20:49,267 - 134500; G: 0.161; D: 0.058; Grad: 0.029; Alpha: 1.000
2024-07-12 16:20:49,267 - Avg Disc Loss: 15.719, Avg Gen Loss: 33.421, Avg Grad Loss: 7.302
2024-07-12 16:20:57,234 - 135000; G: 0.120; D: 0.047; Grad: 0.028; Alpha: 1.000
2024-07-12 16:20:57,234 - Avg Disc Loss: 11.350, Avg Gen Loss: 33.708, Avg Grad Loss: 7.175
2024-07-12 16:21:04,905 - 135500; G: 0.156; D: 0.054; Grad: 0.027; Alpha: 1.000
2024-07-12 16:21:04,905 - Avg Disc Loss: 13.087, Avg Gen Loss: 39.815, Avg Grad Loss: 6.929
2024-07-12 16:21:13,275 - 136000; G: 0.124; D: 0.045; Grad: 0.028; Alpha: 1.000
2024-07-12 16:21:13,275 - Avg Disc Loss: 12.054, Avg Gen Loss: 34.341, Avg Grad Loss: 7.195
2024-07-12 16:21:21,265 - 136500; G: 0.125; D: 0.050; Grad: 0.027; Alpha: 1.000
2024-07-12 16:21:21,265 - Avg Disc Loss: 11.599, Avg Gen Loss: 30.831, Avg Grad Loss: 6.792
2024-07-12 16:21:28,930 - 137000; G: 0.154; D: 0.058; Grad: 0.027; Alpha: 1.000
2024-07-12 16:21:28,930 - Avg Disc Loss: 14.197, Avg Gen Loss: 42.139, Avg Grad Loss: 6.754
2024-07-12 16:21:36,671 - 137500; G: 0.175; D: 0.047; Grad: 0.028; Alpha: 1.000
2024-07-12 16:21:36,671 - Avg Disc Loss: 12.408, Avg Gen Loss: 47.175, Avg Grad Loss: 6.945
2024-07-12 16:21:44,271 - 138000; G: 0.149; D: 0.058; Grad: 0.027; Alpha: 1.000
2024-07-12 16:21:44,271 - Avg Disc Loss: 13.658, Avg Gen Loss: 36.802, Avg Grad Loss: 6.894
2024-07-12 16:21:52,262 - 138500; G: 0.125; D: 0.049; Grad: 0.029; Alpha: 1.000
2024-07-12 16:21:52,262 - Avg Disc Loss: 11.888, Avg Gen Loss: 33.793, Avg Grad Loss: 7.109
2024-07-12 16:22:00,341 - 139000; G: 0.169; D: 0.056; Grad: 0.027; Alpha: 1.000
2024-07-12 16:22:00,341 - Avg Disc Loss: 14.041, Avg Gen Loss: 44.355, Avg Grad Loss: 6.948
2024-07-12 16:22:08,456 - 139500; G: 0.162; D: 0.050; Grad: 0.028; Alpha: 1.000
2024-07-12 16:22:08,456 - Avg Disc Loss: 11.641, Avg Gen Loss: 40.882, Avg Grad Loss: 7.155
2024-07-12 16:22:16,767 - 140000; G: 0.078; D: 0.045; Grad: 0.028; Alpha: 1.000
2024-07-12 16:22:16,767 - Avg Disc Loss: 11.306, Avg Gen Loss: 15.514, Avg Grad Loss: 7.143
2024-07-12 16:22:24,576 - 140500; G: 0.157; D: 0.048; Grad: 0.028; Alpha: 1.000
2024-07-12 16:22:24,576 - Avg Disc Loss: 12.168, Avg Gen Loss: 43.989, Avg Grad Loss: 6.995
2024-07-12 16:22:32,293 - 141000; G: 0.130; D: 0.043; Grad: 0.028; Alpha: 1.000
2024-07-12 16:22:32,293 - Avg Disc Loss: 10.788, Avg Gen Loss: 31.430, Avg Grad Loss: 7.183
2024-07-12 16:22:39,851 - 141500; G: 0.115; D: 0.044; Grad: 0.026; Alpha: 1.000
2024-07-12 16:22:39,851 - Avg Disc Loss: 10.726, Avg Gen Loss: 32.533, Avg Grad Loss: 6.473
2024-07-12 16:22:47,664 - 142000; G: 0.144; D: 0.041; Grad: 0.027; Alpha: 1.000
2024-07-12 16:22:47,664 - Avg Disc Loss: 11.995, Avg Gen Loss: 37.296, Avg Grad Loss: 6.889
2024-07-12 16:22:55,238 - 142500; G: 0.133; D: 0.048; Grad: 0.027; Alpha: 1.000
2024-07-12 16:22:55,238 - Avg Disc Loss: 11.985, Avg Gen Loss: 30.348, Avg Grad Loss: 6.574
2024-07-12 16:23:02,660 - 143000; G: 0.160; D: 0.053; Grad: 0.027; Alpha: 1.000
2024-07-12 16:23:02,660 - Avg Disc Loss: 13.735, Avg Gen Loss: 38.634, Avg Grad Loss: 6.957
2024-07-12 16:23:10,370 - 143500; G: 0.110; D: 0.047; Grad: 0.027; Alpha: 1.000
2024-07-12 16:23:10,370 - Avg Disc Loss: 11.599, Avg Gen Loss: 24.416, Avg Grad Loss: 6.647
2024-07-12 16:23:19,192 - 144000; G: 0.128; D: 0.047; Grad: 0.026; Alpha: 1.000
2024-07-12 16:23:19,192 - Avg Disc Loss: 11.336, Avg Gen Loss: 32.641, Avg Grad Loss: 6.568
2024-07-12 16:23:27,194 - 144500; G: 0.144; D: 0.044; Grad: 0.026; Alpha: 1.000
2024-07-12 16:23:27,194 - Avg Disc Loss: 9.820, Avg Gen Loss: 39.781, Avg Grad Loss: 6.510
2024-07-12 16:23:35,048 - 145000; G: 0.126; D: 0.046; Grad: 0.027; Alpha: 1.000
2024-07-12 16:23:35,048 - Avg Disc Loss: 11.012, Avg Gen Loss: 35.462, Avg Grad Loss: 6.683
2024-07-12 16:23:42,864 - 145500; G: 0.131; D: 0.050; Grad: 0.027; Alpha: 1.000
2024-07-12 16:23:42,864 - Avg Disc Loss: 11.333, Avg Gen Loss: 29.253, Avg Grad Loss: 6.565
2024-07-12 16:23:50,865 - 146000; G: 0.131; D: 0.047; Grad: 0.027; Alpha: 1.000
2024-07-12 16:23:50,865 - Avg Disc Loss: 11.659, Avg Gen Loss: 32.231, Avg Grad Loss: 6.876
2024-07-12 16:23:58,445 - 146500; G: 0.139; D: 0.042; Grad: 0.027; Alpha: 1.000
2024-07-12 16:23:58,445 - Avg Disc Loss: 10.496, Avg Gen Loss: 36.367, Avg Grad Loss: 6.785
2024-07-12 16:24:06,103 - 147000; G: 0.123; D: 0.043; Grad: 0.026; Alpha: 1.000
2024-07-12 16:24:06,103 - Avg Disc Loss: 11.041, Avg Gen Loss: 31.157, Avg Grad Loss: 6.670
2024-07-12 16:24:13,571 - 147500; G: 0.119; D: 0.044; Grad: 0.026; Alpha: 1.000
2024-07-12 16:24:13,571 - Avg Disc Loss: 10.753, Avg Gen Loss: 29.777, Avg Grad Loss: 6.538
2024-07-12 16:24:21,976 - 148000; G: 0.104; D: 0.040; Grad: 0.027; Alpha: 1.000
2024-07-12 16:24:21,976 - Avg Disc Loss: 9.573, Avg Gen Loss: 25.872, Avg Grad Loss: 6.706
2024-07-12 16:24:29,802 - 148500; G: 0.142; D: 0.045; Grad: 0.026; Alpha: 1.000
2024-07-12 16:24:29,802 - Avg Disc Loss: 11.221, Avg Gen Loss: 36.038, Avg Grad Loss: 6.520
2024-07-12 16:24:37,239 - 149000; G: 0.129; D: 0.045; Grad: 0.025; Alpha: 1.000
2024-07-12 16:24:37,240 - Avg Disc Loss: 12.132, Avg Gen Loss: 32.339, Avg Grad Loss: 6.201
2024-07-12 16:24:44,992 - 149500; G: 0.124; D: 0.048; Grad: 0.027; Alpha: 1.000
2024-07-12 16:24:44,992 - Avg Disc Loss: 11.948, Avg Gen Loss: 38.422, Avg Grad Loss: 6.658
2024-07-12 16:24:52,691 - 150000; G: 0.147; D: 0.047; Grad: 0.026; Alpha: 1.000
2024-07-12 16:24:52,691 - Avg Disc Loss: 13.113, Avg Gen Loss: 40.163, Avg Grad Loss: 6.477
2024-07-12 16:25:00,728 - 150500; G: 0.138; D: 0.038; Grad: 0.025; Alpha: 1.000
2024-07-12 16:25:00,729 - Avg Disc Loss: 9.936, Avg Gen Loss: 38.491, Avg Grad Loss: 6.288
2024-07-12 16:25:08,848 - 151000; G: 0.120; D: 0.043; Grad: 0.026; Alpha: 1.000
2024-07-12 16:25:08,848 - Avg Disc Loss: 10.920, Avg Gen Loss: 31.676, Avg Grad Loss: 6.576
2024-07-12 16:25:16,966 - 151500; G: 0.118; D: 0.046; Grad: 0.025; Alpha: 1.000
2024-07-12 16:25:16,966 - Avg Disc Loss: 10.044, Avg Gen Loss: 28.868, Avg Grad Loss: 6.213
2024-07-12 16:25:24,921 - 152000; G: 0.144; D: 0.046; Grad: 0.026; Alpha: 1.000
2024-07-12 16:25:24,921 - Avg Disc Loss: 11.689, Avg Gen Loss: 42.390, Avg Grad Loss: 6.546
2024-07-12 16:25:33,156 - 152500; G: 0.095; D: 0.045; Grad: 0.025; Alpha: 1.000
2024-07-12 16:25:33,156 - Avg Disc Loss: 11.945, Avg Gen Loss: 21.543, Avg Grad Loss: 6.370
2024-07-12 16:25:40,878 - 153000; G: 0.140; D: 0.046; Grad: 0.027; Alpha: 1.000
2024-07-12 16:25:40,878 - Avg Disc Loss: 12.098, Avg Gen Loss: 33.933, Avg Grad Loss: 6.649
2024-07-12 16:25:48,936 - 153500; G: 0.117; D: 0.044; Grad: 0.026; Alpha: 1.000
2024-07-12 16:25:48,936 - Avg Disc Loss: 11.817, Avg Gen Loss: 29.452, Avg Grad Loss: 6.504
2024-07-12 16:25:56,543 - 154000; G: 0.152; D: 0.046; Grad: 0.026; Alpha: 1.000
2024-07-12 16:25:56,543 - Avg Disc Loss: 11.879, Avg Gen Loss: 42.031, Avg Grad Loss: 6.594
2024-07-12 16:26:04,255 - 154500; G: 0.125; D: 0.049; Grad: 0.025; Alpha: 1.000
2024-07-12 16:26:04,255 - Avg Disc Loss: 10.797, Avg Gen Loss: 27.645, Avg Grad Loss: 6.366
2024-07-12 16:26:11,805 - 155000; G: 0.128; D: 0.047; Grad: 0.027; Alpha: 1.000
2024-07-12 16:26:11,805 - Avg Disc Loss: 11.093, Avg Gen Loss: 33.167, Avg Grad Loss: 6.656
2024-07-12 16:26:19,938 - 155500; G: 0.142; D: 0.042; Grad: 0.025; Alpha: 1.000
2024-07-12 16:26:19,938 - Avg Disc Loss: 11.259, Avg Gen Loss: 35.893, Avg Grad Loss: 6.343
2024-07-12 16:26:27,686 - 156000; G: 0.113; D: 0.047; Grad: 0.026; Alpha: 1.000
2024-07-12 16:26:27,686 - Avg Disc Loss: 12.308, Avg Gen Loss: 21.720, Avg Grad Loss: 6.386
2024-07-12 16:26:36,096 - 156500; G: 0.139; D: 0.048; Grad: 0.025; Alpha: 1.000
2024-07-12 16:26:36,096 - Avg Disc Loss: 12.919, Avg Gen Loss: 33.396, Avg Grad Loss: 6.280
2024-07-12 16:26:44,083 - 157000; G: 0.108; D: 0.034; Grad: 0.025; Alpha: 1.000
2024-07-12 16:26:44,083 - Avg Disc Loss: 8.953, Avg Gen Loss: 24.486, Avg Grad Loss: 6.260
2024-07-12 16:26:51,755 - 157500; G: 0.126; D: 0.044; Grad: 0.023; Alpha: 1.000
2024-07-12 16:26:51,755 - Avg Disc Loss: 11.056, Avg Gen Loss: 30.152, Avg Grad Loss: 5.842
2024-07-12 16:26:59,516 - 158000; G: 0.149; D: 0.050; Grad: 0.026; Alpha: 1.000
2024-07-12 16:26:59,516 - Avg Disc Loss: 13.267, Avg Gen Loss: 34.807, Avg Grad Loss: 6.482
2024-07-12 16:27:07,164 - 158500; G: 0.085; D: 0.041; Grad: 0.025; Alpha: 1.000
2024-07-12 16:27:07,164 - Avg Disc Loss: 8.850, Avg Gen Loss: 13.164, Avg Grad Loss: 6.266
2024-07-12 16:27:15,111 - 159000; G: 0.125; D: 0.042; Grad: 0.026; Alpha: 1.000
2024-07-12 16:27:15,111 - Avg Disc Loss: 11.896, Avg Gen Loss: 30.985, Avg Grad Loss: 6.490
2024-07-12 16:27:22,904 - 159500; G: 0.109; D: 0.044; Grad: 0.025; Alpha: 1.000
2024-07-12 16:27:22,904 - Avg Disc Loss: 10.634, Avg Gen Loss: 28.407, Avg Grad Loss: 6.178
2024-07-12 16:27:30,590 - 160000; G: 0.126; D: 0.039; Grad: 0.025; Alpha: 1.000
2024-07-12 16:27:30,590 - Avg Disc Loss: 9.361, Avg Gen Loss: 29.991, Avg Grad Loss: 6.409
2024-07-12 16:27:38,769 - 160500; G: 0.139; D: 0.046; Grad: 0.025; Alpha: 1.000
2024-07-12 16:27:38,769 - Avg Disc Loss: 11.146, Avg Gen Loss: 35.952, Avg Grad Loss: 6.090
2024-07-12 16:27:46,720 - 161000; G: 0.106; D: 0.042; Grad: 0.024; Alpha: 1.000
2024-07-12 16:27:46,720 - Avg Disc Loss: 9.586, Avg Gen Loss: 23.882, Avg Grad Loss: 5.965
2024-07-12 16:27:54,365 - 161500; G: 0.091; D: 0.040; Grad: 0.025; Alpha: 1.000
2024-07-12 16:27:54,365 - Avg Disc Loss: 10.453, Avg Gen Loss: 23.319, Avg Grad Loss: 6.267
2024-07-12 16:28:01,866 - 162000; G: 0.134; D: 0.038; Grad: 0.024; Alpha: 1.000
2024-07-12 16:28:01,866 - Avg Disc Loss: 9.293, Avg Gen Loss: 35.571, Avg Grad Loss: 6.169
2024-07-12 16:28:09,476 - 162500; G: 0.124; D: 0.035; Grad: 0.024; Alpha: 1.000
2024-07-12 16:28:09,476 - Avg Disc Loss: 9.351, Avg Gen Loss: 37.215, Avg Grad Loss: 6.270
2024-07-12 16:28:17,391 - 163000; G: 0.111; D: 0.046; Grad: 0.024; Alpha: 1.000
2024-07-12 16:28:17,391 - Avg Disc Loss: 11.384, Avg Gen Loss: 26.665, Avg Grad Loss: 6.064
2024-07-12 16:28:25,311 - 163500; G: 0.132; D: 0.044; Grad: 0.024; Alpha: 1.000
2024-07-12 16:28:25,311 - Avg Disc Loss: 12.123, Avg Gen Loss: 40.966, Avg Grad Loss: 6.062
2024-07-12 16:28:32,840 - 164000; G: 0.089; D: 0.032; Grad: 0.024; Alpha: 1.000
2024-07-12 16:28:32,840 - Avg Disc Loss: 7.630, Avg Gen Loss: 23.091, Avg Grad Loss: 6.205
2024-07-12 16:28:41,389 - 164500; G: 0.151; D: 0.047; Grad: 0.026; Alpha: 1.000
2024-07-12 16:28:41,389 - Avg Disc Loss: 13.113, Avg Gen Loss: 38.247, Avg Grad Loss: 6.366
2024-07-12 16:28:48,876 - 165000; G: 0.102; D: 0.044; Grad: 0.024; Alpha: 1.000
2024-07-12 16:28:48,876 - Avg Disc Loss: 9.706, Avg Gen Loss: 22.988, Avg Grad Loss: 6.036
2024-07-12 16:28:56,357 - 165500; G: 0.118; D: 0.040; Grad: 0.025; Alpha: 1.000
2024-07-12 16:28:56,357 - Avg Disc Loss: 9.914, Avg Gen Loss: 27.151, Avg Grad Loss: 6.250
2024-07-12 16:29:04,111 - 166000; G: 0.159; D: 0.048; Grad: 0.026; Alpha: 1.000
2024-07-12 16:29:04,111 - Avg Disc Loss: 12.269, Avg Gen Loss: 38.595, Avg Grad Loss: 6.347
2024-07-12 16:29:12,071 - 166500; G: 0.100; D: 0.045; Grad: 0.025; Alpha: 1.000
2024-07-12 16:29:12,071 - Avg Disc Loss: 12.174, Avg Gen Loss: 26.470, Avg Grad Loss: 6.229
2024-07-12 16:29:19,703 - 167000; G: 0.123; D: 0.042; Grad: 0.024; Alpha: 1.000
2024-07-12 16:29:19,703 - Avg Disc Loss: 9.796, Avg Gen Loss: 29.184, Avg Grad Loss: 5.929
2024-07-12 16:29:27,262 - 167500; G: 0.118; D: 0.044; Grad: 0.025; Alpha: 1.000
2024-07-12 16:29:27,262 - Avg Disc Loss: 10.804, Avg Gen Loss: 26.025, Avg Grad Loss: 6.132
2024-07-12 16:29:34,725 - 168000; G: 0.132; D: 0.045; Grad: 0.025; Alpha: 1.000
2024-07-12 16:29:34,725 - Avg Disc Loss: 10.637, Avg Gen Loss: 29.540, Avg Grad Loss: 6.317
2024-07-12 16:29:43,314 - 168500; G: 0.114; D: 0.045; Grad: 0.025; Alpha: 1.000
2024-07-12 16:29:43,314 - Avg Disc Loss: 10.561, Avg Gen Loss: 24.774, Avg Grad Loss: 6.158
2024-07-12 16:29:51,097 - 169000; G: 0.119; D: 0.044; Grad: 0.026; Alpha: 1.000
2024-07-12 16:29:51,097 - Avg Disc Loss: 11.897, Avg Gen Loss: 30.168, Avg Grad Loss: 6.478
2024-07-12 16:29:58,813 - 169500; G: 0.110; D: 0.040; Grad: 0.025; Alpha: 1.000
2024-07-12 16:29:58,813 - Avg Disc Loss: 10.849, Avg Gen Loss: 26.353, Avg Grad Loss: 6.231
2024-07-12 16:30:06,531 - 170000; G: 0.110; D: 0.038; Grad: 0.024; Alpha: 1.000
2024-07-12 16:30:06,531 - Avg Disc Loss: 9.542, Avg Gen Loss: 30.052, Avg Grad Loss: 6.134
2024-07-12 16:30:14,591 - 170500; G: 0.119; D: 0.043; Grad: 0.024; Alpha: 1.000
2024-07-12 16:30:14,591 - Avg Disc Loss: 10.246, Avg Gen Loss: 30.461, Avg Grad Loss: 6.041
2024-07-12 16:30:22,444 - 171000; G: 0.109; D: 0.033; Grad: 0.024; Alpha: 1.000
2024-07-12 16:30:22,444 - Avg Disc Loss: 8.118, Avg Gen Loss: 25.700, Avg Grad Loss: 5.909
2024-07-12 16:30:31,009 - 171500; G: 0.104; D: 0.049; Grad: 0.045; Alpha: 0.002
2024-07-12 16:30:31,009 - Avg Disc Loss: 12.803, Avg Gen Loss: 32.812, Avg Grad Loss: 7.308
2024-07-12 16:30:42,398 - 172000; G: 0.732; D: 0.174; Grad: 0.036; Alpha: 0.013
2024-07-12 16:30:42,398 - Avg Disc Loss: 43.860, Avg Gen Loss: 184.153, Avg Grad Loss: 8.686
2024-07-12 16:30:54,326 - 172500; G: 1.629; D: 0.258; Grad: 0.042; Alpha: 0.025
2024-07-12 16:30:54,326 - Avg Disc Loss: 53.261, Avg Gen Loss: 247.412, Avg Grad Loss: 9.945
2024-07-12 16:31:05,492 - 173000; G: 1.046; D: 0.531; Grad: 0.098; Alpha: 0.037
2024-07-12 16:31:05,492 - Avg Disc Loss: 149.350, Avg Gen Loss: 682.176, Avg Grad Loss: 26.163
2024-07-12 16:31:17,149 - 173500; G: 0.149; D: 0.311; Grad: 0.051; Alpha: 0.048
2024-07-12 16:31:17,149 - Avg Disc Loss: 89.864, Avg Gen Loss: -156.950, Avg Grad Loss: 14.418
2024-07-12 16:31:28,312 - 174000; G: 0.821; D: 0.351; Grad: 0.050; Alpha: 0.060
2024-07-12 16:31:28,312 - Avg Disc Loss: 94.709, Avg Gen Loss: 313.790, Avg Grad Loss: 13.064
2024-07-12 16:31:39,448 - 174500; G: 2.010; D: 0.455; Grad: 0.066; Alpha: 0.072
2024-07-12 16:31:39,448 - Avg Disc Loss: 122.363, Avg Gen Loss: 509.696, Avg Grad Loss: 16.639
2024-07-12 16:31:51,014 - 175000; G: 0.660; D: 0.221; Grad: 0.046; Alpha: 0.083
2024-07-12 16:31:51,014 - Avg Disc Loss: 57.407, Avg Gen Loss: 204.644, Avg Grad Loss: 11.541
2024-07-12 16:32:03,350 - 175500; G: 0.422; D: 0.285; Grad: 0.049; Alpha: 0.095
2024-07-12 16:32:03,350 - Avg Disc Loss: 71.104, Avg Gen Loss: 109.684, Avg Grad Loss: 12.184
2024-07-12 16:32:14,895 - 176000; G: 0.834; D: 0.265; Grad: 0.052; Alpha: 0.107
2024-07-12 16:32:14,895 - Avg Disc Loss: 68.474, Avg Gen Loss: 219.488, Avg Grad Loss: 13.191
2024-07-12 16:32:26,156 - 176500; G: 0.662; D: 0.292; Grad: 0.050; Alpha: 0.118
2024-07-12 16:32:26,156 - Avg Disc Loss: 72.318, Avg Gen Loss: 155.410, Avg Grad Loss: 12.186
2024-07-12 16:32:37,517 - 177000; G: 0.628; D: 0.257; Grad: 0.046; Alpha: 0.130
2024-07-12 16:32:37,518 - Avg Disc Loss: 62.328, Avg Gen Loss: 151.664, Avg Grad Loss: 11.458
2024-07-12 16:32:49,226 - 177500; G: 0.545; D: 0.247; Grad: 0.049; Alpha: 0.142
2024-07-12 16:32:49,226 - Avg Disc Loss: 61.728, Avg Gen Loss: 151.293, Avg Grad Loss: 12.359
2024-07-12 16:33:01,185 - 178000; G: 0.463; D: 0.206; Grad: 0.045; Alpha: 0.153
2024-07-12 16:33:01,185 - Avg Disc Loss: 54.277, Avg Gen Loss: 117.348, Avg Grad Loss: 11.295
2024-07-12 16:33:12,453 - 178500; G: 0.484; D: 0.198; Grad: 0.046; Alpha: 0.165
2024-07-12 16:33:12,453 - Avg Disc Loss: 49.080, Avg Gen Loss: 120.973, Avg Grad Loss: 11.640
2024-07-12 16:33:23,957 - 179000; G: 0.443; D: 0.195; Grad: 0.044; Alpha: 0.177
2024-07-12 16:33:23,957 - Avg Disc Loss: 48.567, Avg Gen Loss: 106.190, Avg Grad Loss: 11.320
2024-07-12 16:33:35,123 - 179500; G: 0.542; D: 0.228; Grad: 0.048; Alpha: 0.188
2024-07-12 16:33:35,123 - Avg Disc Loss: 57.507, Avg Gen Loss: 128.219, Avg Grad Loss: 11.947
2024-07-12 16:33:46,240 - 180000; G: 0.346; D: 0.178; Grad: 0.047; Alpha: 0.200
2024-07-12 16:33:46,240 - Avg Disc Loss: 42.386, Avg Gen Loss: 94.224, Avg Grad Loss: 11.617
2024-07-12 16:33:57,750 - 180500; G: 0.448; D: 0.211; Grad: 0.049; Alpha: 0.212
2024-07-12 16:33:57,750 - Avg Disc Loss: 53.212, Avg Gen Loss: 124.297, Avg Grad Loss: 12.273
2024-07-12 16:34:09,626 - 181000; G: 0.510; D: 0.172; Grad: 0.048; Alpha: 0.223
2024-07-12 16:34:09,627 - Avg Disc Loss: 39.600, Avg Gen Loss: 136.956, Avg Grad Loss: 11.853
2024-07-12 16:34:20,600 - 181500; G: 0.486; D: 0.187; Grad: 0.050; Alpha: 0.235
2024-07-12 16:34:20,600 - Avg Disc Loss: 44.493, Avg Gen Loss: 128.810, Avg Grad Loss: 12.219
2024-07-12 16:34:31,573 - 182000; G: 0.500; D: 0.172; Grad: 0.049; Alpha: 0.247
2024-07-12 16:34:31,574 - Avg Disc Loss: 43.953, Avg Gen Loss: 141.082, Avg Grad Loss: 12.672
2024-07-12 16:34:42,638 - 182500; G: 0.365; D: 0.162; Grad: 0.050; Alpha: 0.258
2024-07-12 16:34:42,638 - Avg Disc Loss: 42.587, Avg Gen Loss: 108.499, Avg Grad Loss: 12.535
2024-07-12 16:34:53,904 - 183000; G: 0.632; D: 0.167; Grad: 0.050; Alpha: 0.270
2024-07-12 16:34:53,904 - Avg Disc Loss: 40.884, Avg Gen Loss: 178.161, Avg Grad Loss: 12.417
2024-07-12 16:35:05,387 - 183500; G: 0.572; D: 0.197; Grad: 0.053; Alpha: 0.282
2024-07-12 16:35:05,388 - Avg Disc Loss: 47.963, Avg Gen Loss: 155.592, Avg Grad Loss: 13.181
2024-07-12 16:35:16,882 - 184000; G: 0.432; D: 0.175; Grad: 0.050; Alpha: 0.293
2024-07-12 16:35:16,882 - Avg Disc Loss: 38.807, Avg Gen Loss: 92.936, Avg Grad Loss: 12.470
2024-07-12 16:35:28,147 - 184500; G: 0.562; D: 0.209; Grad: 0.053; Alpha: 0.305
2024-07-12 16:35:28,147 - Avg Disc Loss: 54.165, Avg Gen Loss: 140.397, Avg Grad Loss: 13.271
2024-07-12 16:35:40,076 - 185000; G: 0.571; D: 0.175; Grad: 0.050; Alpha: 0.317
2024-07-12 16:35:40,077 - Avg Disc Loss: 44.966, Avg Gen Loss: 134.260, Avg Grad Loss: 12.657
2024-07-12 16:35:51,427 - 185500; G: 0.471; D: 0.167; Grad: 0.051; Alpha: 0.328
2024-07-12 16:35:51,427 - Avg Disc Loss: 42.093, Avg Gen Loss: 110.421, Avg Grad Loss: 12.817
2024-07-12 16:36:02,742 - 186000; G: 0.490; D: 0.162; Grad: 0.048; Alpha: 0.340
2024-07-12 16:36:02,742 - Avg Disc Loss: 39.053, Avg Gen Loss: 122.236, Avg Grad Loss: 11.863
2024-07-12 16:36:14,856 - 186500; G: 0.354; D: 0.163; Grad: 0.050; Alpha: 0.352
2024-07-12 16:36:14,856 - Avg Disc Loss: 41.463, Avg Gen Loss: 89.836, Avg Grad Loss: 12.379
2024-07-12 16:36:26,270 - 187000; G: 0.543; D: 0.159; Grad: 0.049; Alpha: 0.363
2024-07-12 16:36:26,270 - Avg Disc Loss: 40.337, Avg Gen Loss: 134.808, Avg Grad Loss: 12.349
2024-07-12 16:36:37,606 - 187500; G: 0.429; D: 0.171; Grad: 0.052; Alpha: 0.375
2024-07-12 16:36:37,606 - Avg Disc Loss: 43.051, Avg Gen Loss: 117.939, Avg Grad Loss: 13.004
2024-07-12 16:36:48,915 - 188000; G: 0.384; D: 0.158; Grad: 0.050; Alpha: 0.387
2024-07-12 16:36:48,915 - Avg Disc Loss: 43.791, Avg Gen Loss: 118.360, Avg Grad Loss: 12.579
2024-07-12 16:37:00,625 - 188500; G: 0.552; D: 0.156; Grad: 0.050; Alpha: 0.398
2024-07-12 16:37:00,625 - Avg Disc Loss: 39.653, Avg Gen Loss: 136.535, Avg Grad Loss: 12.585
2024-07-12 16:37:11,713 - 189000; G: 0.297; D: 0.171; Grad: 0.051; Alpha: 0.410
2024-07-12 16:37:11,713 - Avg Disc Loss: 41.753, Avg Gen Loss: 63.774, Avg Grad Loss: 12.901
2024-07-12 16:37:23,562 - 189500; G: 0.368; D: 0.130; Grad: 0.050; Alpha: 0.422
2024-07-12 16:37:23,562 - Avg Disc Loss: 34.132, Avg Gen Loss: 97.981, Avg Grad Loss: 12.590
2024-07-12 16:37:34,814 - 190000; G: 0.528; D: 0.161; Grad: 0.051; Alpha: 0.433
2024-07-12 16:37:34,814 - Avg Disc Loss: 42.971, Avg Gen Loss: 131.625, Avg Grad Loss: 12.774
2024-07-12 16:37:46,338 - 190500; G: 0.429; D: 0.148; Grad: 0.049; Alpha: 0.445
2024-07-12 16:37:46,339 - Avg Disc Loss: 35.924, Avg Gen Loss: 117.677, Avg Grad Loss: 12.206
2024-07-12 16:37:57,540 - 191000; G: 0.487; D: 0.153; Grad: 0.051; Alpha: 0.457
2024-07-12 16:37:57,540 - Avg Disc Loss: 39.178, Avg Gen Loss: 125.463, Avg Grad Loss: 12.973
2024-07-12 16:38:08,652 - 191500; G: 0.410; D: 0.157; Grad: 0.052; Alpha: 0.468
2024-07-12 16:38:08,652 - Avg Disc Loss: 41.012, Avg Gen Loss: 114.865, Avg Grad Loss: 12.916
2024-07-12 16:38:20,117 - 192000; G: 0.342; D: 0.159; Grad: 0.050; Alpha: 0.480
2024-07-12 16:38:20,117 - Avg Disc Loss: 42.577, Avg Gen Loss: 95.983, Avg Grad Loss: 12.679
2024-07-12 16:38:31,948 - 192500; G: 0.581; D: 0.159; Grad: 0.050; Alpha: 0.492
2024-07-12 16:38:31,948 - Avg Disc Loss: 36.139, Avg Gen Loss: 148.330, Avg Grad Loss: 12.390
2024-07-12 16:38:43,294 - 193000; G: 0.495; D: 0.172; Grad: 0.050; Alpha: 0.503
2024-07-12 16:38:43,294 - Avg Disc Loss: 41.022, Avg Gen Loss: 129.412, Avg Grad Loss: 12.475
2024-07-12 16:38:54,595 - 193500; G: 0.486; D: 0.133; Grad: 0.050; Alpha: 0.515
2024-07-12 16:38:54,595 - Avg Disc Loss: 36.532, Avg Gen Loss: 146.410, Avg Grad Loss: 12.771
2024-07-12 16:39:05,973 - 194000; G: 0.491; D: 0.150; Grad: 0.049; Alpha: 0.527
2024-07-12 16:39:05,973 - Avg Disc Loss: 38.910, Avg Gen Loss: 132.053, Avg Grad Loss: 12.157
2024-07-12 16:39:16,883 - 194500; G: 0.356; D: 0.143; Grad: 0.048; Alpha: 0.538
2024-07-12 16:39:16,883 - Avg Disc Loss: 35.107, Avg Gen Loss: 88.380, Avg Grad Loss: 12.093
2024-07-12 16:39:28,558 - 195000; G: 0.500; D: 0.167; Grad: 0.047; Alpha: 0.550
2024-07-12 16:39:28,558 - Avg Disc Loss: 44.940, Avg Gen Loss: 117.661, Avg Grad Loss: 11.674
2024-07-12 16:39:39,933 - 195500; G: 0.469; D: 0.151; Grad: 0.048; Alpha: 0.562
2024-07-12 16:39:39,933 - Avg Disc Loss: 35.595, Avg Gen Loss: 98.295, Avg Grad Loss: 12.230
2024-07-12 16:39:51,679 - 196000; G: 0.339; D: 0.135; Grad: 0.049; Alpha: 0.573
2024-07-12 16:39:51,679 - Avg Disc Loss: 36.414, Avg Gen Loss: 94.906, Avg Grad Loss: 12.328
2024-07-12 16:40:02,974 - 196500; G: 0.390; D: 0.133; Grad: 0.048; Alpha: 0.585
2024-07-12 16:40:02,974 - Avg Disc Loss: 32.997, Avg Gen Loss: 91.638, Avg Grad Loss: 12.047
2024-07-12 16:40:14,389 - 197000; G: 0.460; D: 0.147; Grad: 0.050; Alpha: 0.597
2024-07-12 16:40:14,389 - Avg Disc Loss: 35.864, Avg Gen Loss: 107.151, Avg Grad Loss: 12.534
2024-07-12 16:40:25,798 - 197500; G: 0.411; D: 0.138; Grad: 0.047; Alpha: 0.608
2024-07-12 16:40:25,798 - Avg Disc Loss: 33.528, Avg Gen Loss: 90.294, Avg Grad Loss: 11.628
2024-07-12 16:40:37,716 - 198000; G: 0.440; D: 0.126; Grad: 0.048; Alpha: 0.620
2024-07-12 16:40:37,716 - Avg Disc Loss: 32.167, Avg Gen Loss: 99.750, Avg Grad Loss: 12.388
2024-07-12 16:40:49,240 - 198500; G: 0.368; D: 0.126; Grad: 0.047; Alpha: 0.632
2024-07-12 16:40:49,240 - Avg Disc Loss: 34.534, Avg Gen Loss: 85.812, Avg Grad Loss: 11.881
2024-07-12 16:41:01,030 - 199000; G: 0.448; D: 0.142; Grad: 0.046; Alpha: 0.643
2024-07-12 16:41:01,030 - Avg Disc Loss: 35.650, Avg Gen Loss: 104.775, Avg Grad Loss: 11.293
2024-07-12 16:41:12,562 - 199500; G: 0.288; D: 0.131; Grad: 0.047; Alpha: 0.655
2024-07-12 16:41:12,563 - Avg Disc Loss: 33.359, Avg Gen Loss: 61.466, Avg Grad Loss: 11.685
2024-07-12 16:41:24,317 - 200000; G: 0.428; D: 0.125; Grad: 0.046; Alpha: 0.667
2024-07-12 16:41:24,318 - Avg Disc Loss: 31.616, Avg Gen Loss: 107.761, Avg Grad Loss: 11.517
2024-07-12 16:41:36,295 - 200500; G: 0.269; D: 0.146; Grad: 0.046; Alpha: 0.678
2024-07-12 16:41:36,295 - Avg Disc Loss: 36.375, Avg Gen Loss: 48.506, Avg Grad Loss: 11.311
2024-07-12 16:41:48,002 - 201000; G: 0.450; D: 0.137; Grad: 0.046; Alpha: 0.690
2024-07-12 16:41:48,002 - Avg Disc Loss: 31.540, Avg Gen Loss: 88.859, Avg Grad Loss: 11.251
2024-07-12 16:41:59,805 - 201500; G: 0.409; D: 0.124; Grad: 0.048; Alpha: 0.702
2024-07-12 16:41:59,805 - Avg Disc Loss: 29.843, Avg Gen Loss: 96.201, Avg Grad Loss: 12.082
2024-07-12 16:42:11,051 - 202000; G: 0.408; D: 0.128; Grad: 0.046; Alpha: 0.713
2024-07-12 16:42:11,051 - Avg Disc Loss: 26.843, Avg Gen Loss: 98.871, Avg Grad Loss: 11.158
2024-07-12 16:42:22,456 - 202500; G: 0.350; D: 0.127; Grad: 0.046; Alpha: 0.725
2024-07-12 16:42:22,456 - Avg Disc Loss: 33.781, Avg Gen Loss: 104.192, Avg Grad Loss: 11.750
2024-07-12 16:42:33,819 - 203000; G: 0.523; D: 0.140; Grad: 0.046; Alpha: 0.737
2024-07-12 16:42:33,819 - Avg Disc Loss: 37.816, Avg Gen Loss: 131.861, Avg Grad Loss: 11.573
2024-07-12 16:42:46,060 - 203500; G: 0.323; D: 0.134; Grad: 0.045; Alpha: 0.748
2024-07-12 16:42:46,060 - Avg Disc Loss: 32.364, Avg Gen Loss: 55.902, Avg Grad Loss: 11.272
2024-07-12 16:42:57,372 - 204000; G: 0.398; D: 0.142; Grad: 0.047; Alpha: 0.760
2024-07-12 16:42:57,372 - Avg Disc Loss: 34.059, Avg Gen Loss: 92.730, Avg Grad Loss: 11.542
2024-07-12 16:43:08,762 - 204500; G: 0.362; D: 0.126; Grad: 0.044; Alpha: 0.772
2024-07-12 16:43:08,762 - Avg Disc Loss: 30.397, Avg Gen Loss: 83.748, Avg Grad Loss: 11.231
2024-07-12 16:43:20,088 - 205000; G: 0.335; D: 0.149; Grad: 0.044; Alpha: 0.783
2024-07-12 16:43:20,088 - Avg Disc Loss: 36.255, Avg Gen Loss: 75.325, Avg Grad Loss: 11.024
2024-07-12 16:43:31,718 - 205500; G: 0.422; D: 0.138; Grad: 0.045; Alpha: 0.795
2024-07-12 16:43:31,718 - Avg Disc Loss: 33.539, Avg Gen Loss: 93.920, Avg Grad Loss: 11.080
2024-07-12 16:43:43,537 - 206000; G: 0.423; D: 0.129; Grad: 0.044; Alpha: 0.807
2024-07-12 16:43:43,537 - Avg Disc Loss: 31.615, Avg Gen Loss: 107.964, Avg Grad Loss: 10.825
2024-07-12 16:43:54,985 - 206500; G: 0.403; D: 0.165; Grad: 0.045; Alpha: 0.818
2024-07-12 16:43:54,985 - Avg Disc Loss: 39.267, Avg Gen Loss: 92.919, Avg Grad Loss: 11.225
2024-07-12 16:44:06,291 - 207000; G: 0.464; D: 0.156; Grad: 0.045; Alpha: 0.830
2024-07-12 16:44:06,291 - Avg Disc Loss: 38.925, Avg Gen Loss: 114.409, Avg Grad Loss: 11.515
2024-07-12 16:44:18,219 - 207500; G: 0.429; D: 0.138; Grad: 0.045; Alpha: 0.842
2024-07-12 16:44:18,219 - Avg Disc Loss: 36.709, Avg Gen Loss: 117.332, Avg Grad Loss: 11.355
2024-07-12 16:44:29,750 - 208000; G: 0.451; D: 0.146; Grad: 0.043; Alpha: 0.853
2024-07-12 16:44:29,750 - Avg Disc Loss: 37.048, Avg Gen Loss: 83.040, Avg Grad Loss: 10.917
2024-07-12 16:44:41,486 - 208500; G: 0.378; D: 0.133; Grad: 0.043; Alpha: 0.865
2024-07-12 16:44:41,486 - Avg Disc Loss: 32.632, Avg Gen Loss: 79.526, Avg Grad Loss: 10.798
2024-07-12 16:44:53,493 - 209000; G: 0.430; D: 0.147; Grad: 0.044; Alpha: 0.877
2024-07-12 16:44:53,493 - Avg Disc Loss: 36.584, Avg Gen Loss: 103.312, Avg Grad Loss: 10.971
2024-07-12 16:45:04,792 - 209500; G: 0.479; D: 0.142; Grad: 0.044; Alpha: 0.888
2024-07-12 16:45:04,792 - Avg Disc Loss: 35.820, Avg Gen Loss: 112.294, Avg Grad Loss: 11.197
2024-07-12 16:45:16,071 - 210000; G: 0.390; D: 0.139; Grad: 0.044; Alpha: 0.900
2024-07-12 16:45:16,072 - Avg Disc Loss: 35.497, Avg Gen Loss: 112.672, Avg Grad Loss: 10.852
2024-07-12 16:45:26,977 - 210500; G: 0.425; D: 0.144; Grad: 0.044; Alpha: 0.912
2024-07-12 16:45:26,978 - Avg Disc Loss: 35.821, Avg Gen Loss: 103.528, Avg Grad Loss: 11.216
2024-07-12 16:45:38,533 - 211000; G: 0.370; D: 0.158; Grad: 0.044; Alpha: 0.923
2024-07-12 16:45:38,533 - Avg Disc Loss: 38.065, Avg Gen Loss: 84.729, Avg Grad Loss: 10.909
2024-07-12 16:45:50,382 - 211500; G: 0.312; D: 0.134; Grad: 0.045; Alpha: 0.935
2024-07-12 16:45:50,382 - Avg Disc Loss: 33.407, Avg Gen Loss: 75.941, Avg Grad Loss: 11.262
2024-07-12 16:46:01,555 - 212000; G: 0.430; D: 0.150; Grad: 0.043; Alpha: 0.947
2024-07-12 16:46:01,555 - Avg Disc Loss: 36.083, Avg Gen Loss: 115.642, Avg Grad Loss: 10.828
2024-07-12 16:46:12,754 - 212500; G: 0.305; D: 0.133; Grad: 0.044; Alpha: 0.958
2024-07-12 16:46:12,754 - Avg Disc Loss: 32.922, Avg Gen Loss: 72.756, Avg Grad Loss: 10.984
2024-07-12 16:46:24,172 - 213000; G: 0.460; D: 0.144; Grad: 0.043; Alpha: 0.970
2024-07-12 16:46:24,172 - Avg Disc Loss: 35.593, Avg Gen Loss: 106.282, Avg Grad Loss: 10.686
2024-07-12 16:46:35,366 - 213500; G: 0.418; D: 0.151; Grad: 0.042; Alpha: 0.982
2024-07-12 16:46:35,366 - Avg Disc Loss: 39.951, Avg Gen Loss: 113.207, Avg Grad Loss: 10.467
2024-07-12 16:46:46,532 - 214000; G: 0.462; D: 0.136; Grad: 0.044; Alpha: 0.993
2024-07-12 16:46:46,532 - Avg Disc Loss: 37.269, Avg Gen Loss: 122.780, Avg Grad Loss: 10.967
2024-07-12 16:46:58,307 - 214500; G: 0.304; D: 0.137; Grad: 0.042; Alpha: 1.000
2024-07-12 16:46:58,307 - Avg Disc Loss: 35.977, Avg Gen Loss: 75.511, Avg Grad Loss: 10.456
2024-07-12 16:47:09,196 - 215000; G: 0.408; D: 0.151; Grad: 0.043; Alpha: 1.000
2024-07-12 16:47:09,197 - Avg Disc Loss: 35.870, Avg Gen Loss: 84.159, Avg Grad Loss: 10.577
2024-07-12 16:47:19,911 - 215500; G: 0.453; D: 0.154; Grad: 0.045; Alpha: 1.000
2024-07-12 16:47:19,911 - Avg Disc Loss: 39.524, Avg Gen Loss: 114.532, Avg Grad Loss: 11.241
2024-07-12 16:47:30,629 - 216000; G: 0.310; D: 0.127; Grad: 0.042; Alpha: 1.000
2024-07-12 16:47:30,629 - Avg Disc Loss: 30.401, Avg Gen Loss: 50.824, Avg Grad Loss: 10.403
2024-07-12 16:47:41,541 - 216500; G: 0.280; D: 0.137; Grad: 0.042; Alpha: 1.000
2024-07-12 16:47:41,542 - Avg Disc Loss: 34.231, Avg Gen Loss: 64.135, Avg Grad Loss: 10.637
2024-07-12 16:47:52,252 - 217000; G: 0.511; D: 0.143; Grad: 0.041; Alpha: 1.000
2024-07-12 16:47:52,252 - Avg Disc Loss: 36.150, Avg Gen Loss: 134.812, Avg Grad Loss: 10.388
2024-07-12 16:48:03,546 - 217500; G: 0.279; D: 0.130; Grad: 0.042; Alpha: 1.000
2024-07-12 16:48:03,546 - Avg Disc Loss: 30.423, Avg Gen Loss: 57.279, Avg Grad Loss: 10.547
2024-07-12 16:48:14,365 - 218000; G: 0.474; D: 0.145; Grad: 0.044; Alpha: 1.000
2024-07-12 16:48:14,365 - Avg Disc Loss: 37.072, Avg Gen Loss: 110.326, Avg Grad Loss: 11.098
2024-07-12 16:48:26,398 - 218500; G: 0.246; D: 0.132; Grad: 0.042; Alpha: 1.000
2024-07-12 16:48:26,398 - Avg Disc Loss: 31.862, Avg Gen Loss: 69.562, Avg Grad Loss: 10.576
2024-07-12 16:48:37,234 - 219000; G: 0.467; D: 0.142; Grad: 0.042; Alpha: 1.000
2024-07-12 16:48:37,234 - Avg Disc Loss: 37.108, Avg Gen Loss: 122.100, Avg Grad Loss: 10.729
2024-07-12 16:48:48,017 - 219500; G: 0.475; D: 0.132; Grad: 0.042; Alpha: 1.000
2024-07-12 16:48:48,018 - Avg Disc Loss: 34.486, Avg Gen Loss: 126.737, Avg Grad Loss: 10.664
2024-07-12 16:48:58,870 - 220000; G: 0.348; D: 0.150; Grad: 0.042; Alpha: 1.000
2024-07-12 16:48:58,870 - Avg Disc Loss: 37.276, Avg Gen Loss: 108.422, Avg Grad Loss: 10.448
2024-07-12 16:49:10,498 - 220500; G: 0.347; D: 0.139; Grad: 0.042; Alpha: 1.000
2024-07-12 16:49:10,498 - Avg Disc Loss: 34.914, Avg Gen Loss: 101.562, Avg Grad Loss: 10.369
2024-07-12 16:49:21,600 - 221000; G: 0.490; D: 0.116; Grad: 0.040; Alpha: 1.000
2024-07-12 16:49:21,600 - Avg Disc Loss: 28.451, Avg Gen Loss: 114.824, Avg Grad Loss: 10.248
2024-07-12 16:49:32,423 - 221500; G: 0.254; D: 0.124; Grad: 0.041; Alpha: 1.000
2024-07-12 16:49:32,424 - Avg Disc Loss: 28.990, Avg Gen Loss: 65.381, Avg Grad Loss: 10.347
2024-07-12 16:49:43,218 - 222000; G: 0.354; D: 0.141; Grad: 0.041; Alpha: 1.000
2024-07-12 16:49:43,218 - Avg Disc Loss: 34.244, Avg Gen Loss: 80.433, Avg Grad Loss: 10.208
2024-07-12 16:49:54,001 - 222500; G: 0.375; D: 0.132; Grad: 0.042; Alpha: 1.000
2024-07-12 16:49:54,001 - Avg Disc Loss: 30.847, Avg Gen Loss: 99.610, Avg Grad Loss: 10.332
2024-07-12 16:50:05,206 - 223000; G: 0.416; D: 0.126; Grad: 0.041; Alpha: 1.000
2024-07-12 16:50:05,206 - Avg Disc Loss: 33.994, Avg Gen Loss: 104.700, Avg Grad Loss: 10.217
2024-07-12 16:50:16,468 - 223500; G: 0.421; D: 0.143; Grad: 0.042; Alpha: 1.000
2024-07-12 16:50:16,468 - Avg Disc Loss: 36.745, Avg Gen Loss: 99.582, Avg Grad Loss: 10.414
2024-07-12 16:50:27,289 - 224000; G: 0.285; D: 0.124; Grad: 0.040; Alpha: 1.000
2024-07-12 16:50:27,290 - Avg Disc Loss: 31.070, Avg Gen Loss: 74.884, Avg Grad Loss: 10.126
2024-07-12 16:50:37,850 - 224500; G: 0.378; D: 0.136; Grad: 0.040; Alpha: 1.000
2024-07-12 16:50:37,850 - Avg Disc Loss: 33.856, Avg Gen Loss: 103.972, Avg Grad Loss: 10.023
2024-07-12 16:50:48,388 - 225000; G: 0.351; D: 0.125; Grad: 0.040; Alpha: 1.000
2024-07-12 16:50:48,388 - Avg Disc Loss: 31.247, Avg Gen Loss: 80.855, Avg Grad Loss: 10.105
2024-07-12 16:50:58,910 - 225500; G: 0.413; D: 0.136; Grad: 0.041; Alpha: 1.000
2024-07-12 16:50:58,910 - Avg Disc Loss: 34.670, Avg Gen Loss: 86.434, Avg Grad Loss: 10.596
2024-07-12 16:51:10,307 - 226000; G: 0.493; D: 0.119; Grad: 0.040; Alpha: 1.000
2024-07-12 16:51:10,307 - Avg Disc Loss: 27.839, Avg Gen Loss: 125.923, Avg Grad Loss: 10.144
2024-07-12 16:51:21,441 - 226500; G: 0.266; D: 0.134; Grad: 0.039; Alpha: 1.000
2024-07-12 16:51:21,442 - Avg Disc Loss: 34.968, Avg Gen Loss: 70.893, Avg Grad Loss: 9.760
2024-07-12 16:51:32,246 - 227000; G: 0.272; D: 0.126; Grad: 0.040; Alpha: 1.000
2024-07-12 16:51:32,246 - Avg Disc Loss: 31.017, Avg Gen Loss: 81.551, Avg Grad Loss: 10.258
2024-07-12 16:51:43,120 - 227500; G: 0.388; D: 0.159; Grad: 0.042; Alpha: 1.000
2024-07-12 16:51:43,120 - Avg Disc Loss: 39.053, Avg Gen Loss: 102.538, Avg Grad Loss: 10.375
2024-07-12 16:51:54,122 - 228000; G: 0.463; D: 0.132; Grad: 0.041; Alpha: 1.000
2024-07-12 16:51:54,122 - Avg Disc Loss: 33.661, Avg Gen Loss: 133.582, Avg Grad Loss: 10.035
2024-07-12 16:52:04,892 - 228500; G: 0.367; D: 0.126; Grad: 0.039; Alpha: 1.000
2024-07-12 16:52:04,892 - Avg Disc Loss: 29.800, Avg Gen Loss: 78.737, Avg Grad Loss: 9.735
2024-07-12 16:52:16,145 - 229000; G: 0.310; D: 0.124; Grad: 0.039; Alpha: 1.000
2024-07-12 16:52:16,145 - Avg Disc Loss: 29.341, Avg Gen Loss: 66.492, Avg Grad Loss: 9.692
2024-07-12 16:52:26,745 - 229500; G: 0.361; D: 0.133; Grad: 0.041; Alpha: 1.000
2024-07-12 16:52:26,745 - Avg Disc Loss: 31.901, Avg Gen Loss: 81.272, Avg Grad Loss: 10.113
2024-07-12 16:52:37,711 - 230000; G: 0.354; D: 0.130; Grad: 0.040; Alpha: 1.000
2024-07-12 16:52:37,711 - Avg Disc Loss: 33.715, Avg Gen Loss: 106.575, Avg Grad Loss: 10.005
2024-07-12 16:52:48,293 - 230500; G: 0.352; D: 0.121; Grad: 0.040; Alpha: 1.000
2024-07-12 16:52:48,293 - Avg Disc Loss: 33.040, Avg Gen Loss: 104.570, Avg Grad Loss: 10.023
2024-07-12 16:52:58,955 - 231000; G: 0.456; D: 0.135; Grad: 0.040; Alpha: 1.000
2024-07-12 16:52:58,955 - Avg Disc Loss: 32.841, Avg Gen Loss: 114.563, Avg Grad Loss: 9.975
2024-07-12 16:53:10,192 - 231500; G: 0.284; D: 0.124; Grad: 0.039; Alpha: 1.000
2024-07-12 16:53:10,192 - Avg Disc Loss: 31.908, Avg Gen Loss: 65.818, Avg Grad Loss: 9.794
2024-07-12 16:53:21,556 - 232000; G: 0.376; D: 0.125; Grad: 0.040; Alpha: 1.000
2024-07-12 16:53:21,557 - Avg Disc Loss: 30.883, Avg Gen Loss: 87.015, Avg Grad Loss: 10.051
2024-07-12 16:53:32,239 - 232500; G: 0.278; D: 0.120; Grad: 0.039; Alpha: 1.000
2024-07-12 16:53:32,240 - Avg Disc Loss: 29.661, Avg Gen Loss: 62.970, Avg Grad Loss: 9.630
2024-07-12 16:53:42,982 - 233000; G: 0.407; D: 0.114; Grad: 0.039; Alpha: 1.000
2024-07-12 16:53:42,982 - Avg Disc Loss: 27.048, Avg Gen Loss: 93.667, Avg Grad Loss: 9.803
2024-07-12 16:53:54,136 - 233500; G: 0.285; D: 0.115; Grad: 0.040; Alpha: 1.000
2024-07-12 16:53:54,137 - Avg Disc Loss: 28.791, Avg Gen Loss: 45.329, Avg Grad Loss: 9.891
2024-07-12 16:54:05,043 - 234000; G: 0.469; D: 0.130; Grad: 0.040; Alpha: 1.000
2024-07-12 16:54:05,043 - Avg Disc Loss: 32.428, Avg Gen Loss: 112.994, Avg Grad Loss: 10.087
2024-07-12 16:54:15,926 - 234500; G: 0.260; D: 0.140; Grad: 0.038; Alpha: 1.000
2024-07-12 16:54:15,926 - Avg Disc Loss: 35.174, Avg Gen Loss: 65.457, Avg Grad Loss: 9.449
2024-07-12 16:54:27,335 - 235000; G: 0.377; D: 0.121; Grad: 0.037; Alpha: 1.000
2024-07-12 16:54:27,335 - Avg Disc Loss: 32.304, Avg Gen Loss: 79.819, Avg Grad Loss: 9.539
2024-07-12 16:54:38,293 - 235500; G: 0.343; D: 0.118; Grad: 0.037; Alpha: 1.000
2024-07-12 16:54:38,293 - Avg Disc Loss: 32.043, Avg Gen Loss: 76.637, Avg Grad Loss: 9.355
2024-07-12 16:54:49,075 - 236000; G: 0.391; D: 0.142; Grad: 0.038; Alpha: 1.000
2024-07-12 16:54:49,075 - Avg Disc Loss: 35.925, Avg Gen Loss: 105.271, Avg Grad Loss: 9.482
2024-07-12 16:55:00,027 - 236500; G: 0.468; D: 0.119; Grad: 0.038; Alpha: 1.000
2024-07-12 16:55:00,027 - Avg Disc Loss: 28.511, Avg Gen Loss: 108.451, Avg Grad Loss: 9.389
2024-07-12 16:55:10,749 - 237000; G: 0.460; D: 0.145; Grad: 0.039; Alpha: 1.000
2024-07-12 16:55:10,749 - Avg Disc Loss: 35.011, Avg Gen Loss: 110.004, Avg Grad Loss: 9.640
2024-07-12 16:55:22,056 - 237500; G: 0.244; D: 0.128; Grad: 0.039; Alpha: 1.000
2024-07-12 16:55:22,056 - Avg Disc Loss: 33.661, Avg Gen Loss: 66.987, Avg Grad Loss: 9.924
2024-07-12 16:55:33,604 - 238000; G: 0.335; D: 0.129; Grad: 0.038; Alpha: 1.000
2024-07-12 16:55:33,604 - Avg Disc Loss: 32.628, Avg Gen Loss: 85.769, Avg Grad Loss: 9.688
2024-07-12 16:55:44,387 - 238500; G: 0.322; D: 0.114; Grad: 0.038; Alpha: 1.000
2024-07-12 16:55:44,387 - Avg Disc Loss: 28.929, Avg Gen Loss: 66.665, Avg Grad Loss: 9.442
2024-07-12 16:55:55,494 - 239000; G: 0.316; D: 0.103; Grad: 0.037; Alpha: 1.000
2024-07-12 16:55:55,494 - Avg Disc Loss: 26.461, Avg Gen Loss: 88.277, Avg Grad Loss: 9.256
2024-07-12 16:56:06,176 - 239500; G: 0.411; D: 0.129; Grad: 0.037; Alpha: 1.000
2024-07-12 16:56:06,176 - Avg Disc Loss: 29.995, Avg Gen Loss: 99.943, Avg Grad Loss: 9.178
2024-07-12 16:56:16,796 - 240000; G: 0.263; D: 0.128; Grad: 0.038; Alpha: 1.000
2024-07-12 16:56:16,796 - Avg Disc Loss: 32.713, Avg Gen Loss: 64.981, Avg Grad Loss: 9.644
2024-07-12 16:56:27,566 - 240500; G: 0.369; D: 0.120; Grad: 0.037; Alpha: 1.000
2024-07-12 16:56:27,566 - Avg Disc Loss: 31.195, Avg Gen Loss: 88.618, Avg Grad Loss: 9.311
2024-07-12 16:56:39,178 - 241000; G: 0.439; D: 0.142; Grad: 0.037; Alpha: 1.000
2024-07-12 16:56:39,179 - Avg Disc Loss: 33.725, Avg Gen Loss: 112.473, Avg Grad Loss: 9.070
2024-07-12 16:56:49,834 - 241500; G: 0.364; D: 0.123; Grad: 0.037; Alpha: 1.000
2024-07-12 16:56:49,834 - Avg Disc Loss: 31.721, Avg Gen Loss: 91.854, Avg Grad Loss: 9.571
2024-07-12 16:57:00,622 - 242000; G: 0.281; D: 0.131; Grad: 0.035; Alpha: 1.000
2024-07-12 16:57:00,622 - Avg Disc Loss: 33.790, Avg Gen Loss: 68.619, Avg Grad Loss: 8.679
2024-07-12 16:57:11,442 - 242500; G: 0.381; D: 0.129; Grad: 0.038; Alpha: 1.000
2024-07-12 16:57:11,442 - Avg Disc Loss: 31.229, Avg Gen Loss: 89.275, Avg Grad Loss: 9.488
2024-07-12 16:57:22,516 - 243000; G: 0.338; D: 0.134; Grad: 0.037; Alpha: 1.000
2024-07-12 16:57:22,516 - Avg Disc Loss: 34.416, Avg Gen Loss: 78.920, Avg Grad Loss: 9.542
2024-07-12 16:57:33,337 - 243500; G: 0.350; D: 0.116; Grad: 0.037; Alpha: 1.000
2024-07-12 16:57:33,337 - Avg Disc Loss: 31.054, Avg Gen Loss: 80.079, Avg Grad Loss: 9.544
2024-07-12 16:57:44,422 - 244000; G: 0.342; D: 0.118; Grad: 0.036; Alpha: 1.000
2024-07-12 16:57:44,422 - Avg Disc Loss: 26.555, Avg Gen Loss: 74.011, Avg Grad Loss: 9.078
2024-07-12 16:57:54,988 - 244500; G: 0.288; D: 0.108; Grad: 0.035; Alpha: 1.000
2024-07-12 16:57:54,988 - Avg Disc Loss: 28.606, Avg Gen Loss: 71.837, Avg Grad Loss: 9.029
2024-07-12 16:58:06,044 - 245000; G: 0.327; D: 0.130; Grad: 0.037; Alpha: 1.000
2024-07-12 16:58:06,044 - Avg Disc Loss: 31.139, Avg Gen Loss: 61.579, Avg Grad Loss: 9.149
2024-07-12 16:58:16,885 - 245500; G: 0.240; D: 0.109; Grad: 0.037; Alpha: 1.000
2024-07-12 16:58:16,885 - Avg Disc Loss: 29.039, Avg Gen Loss: 85.822, Avg Grad Loss: 9.350
2024-07-12 16:58:27,469 - 246000; G: 0.479; D: 0.127; Grad: 0.036; Alpha: 1.000
2024-07-12 16:58:27,469 - Avg Disc Loss: 31.375, Avg Gen Loss: 121.861, Avg Grad Loss: 8.897
2024-07-12 16:58:38,388 - 246500; G: 0.302; D: 0.114; Grad: 0.036; Alpha: 1.000
2024-07-12 16:58:38,388 - Avg Disc Loss: 26.482, Avg Gen Loss: 69.974, Avg Grad Loss: 8.859
2024-07-12 16:58:49,591 - 247000; G: 0.333; D: 0.119; Grad: 0.036; Alpha: 1.000
2024-07-12 16:58:49,591 - Avg Disc Loss: 28.825, Avg Gen Loss: 60.208, Avg Grad Loss: 9.101
2024-07-12 16:59:00,321 - 247500; G: 0.264; D: 0.131; Grad: 0.036; Alpha: 1.000
2024-07-12 16:59:00,321 - Avg Disc Loss: 32.882, Avg Gen Loss: 62.139, Avg Grad Loss: 8.941
2024-07-12 16:59:10,855 - 248000; G: 0.341; D: 0.118; Grad: 0.037; Alpha: 1.000
2024-07-12 16:59:10,855 - Avg Disc Loss: 30.154, Avg Gen Loss: 93.140, Avg Grad Loss: 9.112
2024-07-12 16:59:21,830 - 248500; G: 0.322; D: 0.114; Grad: 0.035; Alpha: 1.000
2024-07-12 16:59:21,830 - Avg Disc Loss: 27.675, Avg Gen Loss: 76.174, Avg Grad Loss: 8.765
2024-07-12 16:59:32,629 - 249000; G: 0.281; D: 0.126; Grad: 0.036; Alpha: 1.000
2024-07-12 16:59:32,629 - Avg Disc Loss: 33.644, Avg Gen Loss: 67.338, Avg Grad Loss: 9.182
2024-07-12 16:59:43,330 - 249500; G: 0.319; D: 0.127; Grad: 0.037; Alpha: 1.000
2024-07-12 16:59:43,330 - Avg Disc Loss: 31.965, Avg Gen Loss: 100.976, Avg Grad Loss: 9.040
2024-07-12 16:59:54,713 - 250000; G: 0.391; D: 0.126; Grad: 0.035; Alpha: 1.000
2024-07-12 16:59:54,713 - Avg Disc Loss: 30.966, Avg Gen Loss: 110.565, Avg Grad Loss: 8.558
2024-07-12 17:00:05,792 - 250500; G: 0.383; D: 0.118; Grad: 0.036; Alpha: 1.000
2024-07-12 17:00:05,792 - Avg Disc Loss: 31.827, Avg Gen Loss: 121.855, Avg Grad Loss: 8.986
2024-07-12 17:00:16,482 - 251000; G: 0.327; D: 0.117; Grad: 0.033; Alpha: 1.000
2024-07-12 17:00:16,482 - Avg Disc Loss: 28.982, Avg Gen Loss: 86.623, Avg Grad Loss: 8.348
2024-07-12 17:00:27,181 - 251500; G: 0.341; D: 0.121; Grad: 0.035; Alpha: 1.000
2024-07-12 17:00:27,181 - Avg Disc Loss: 29.525, Avg Gen Loss: 77.813, Avg Grad Loss: 8.778
2024-07-12 17:00:37,836 - 252000; G: 0.478; D: 0.125; Grad: 0.035; Alpha: 1.000
2024-07-12 17:00:37,836 - Avg Disc Loss: 33.960, Avg Gen Loss: 140.764, Avg Grad Loss: 8.765
2024-07-12 17:00:48,685 - 252500; G: 0.277; D: 0.126; Grad: 0.034; Alpha: 1.000
2024-07-12 17:00:48,685 - Avg Disc Loss: 31.353, Avg Gen Loss: 70.684, Avg Grad Loss: 8.524
2024-07-12 17:00:59,987 - 253000; G: 0.350; D: 0.117; Grad: 0.034; Alpha: 1.000
2024-07-12 17:00:59,987 - Avg Disc Loss: 30.605, Avg Gen Loss: 83.193, Avg Grad Loss: 8.693
2024-07-12 17:01:10,734 - 253500; G: 0.390; D: 0.134; Grad: 0.036; Alpha: 1.000
2024-07-12 17:01:10,734 - Avg Disc Loss: 30.864, Avg Gen Loss: 84.211, Avg Grad Loss: 8.686
2024-07-12 17:01:21,628 - 254000; G: 0.191; D: 0.112; Grad: 0.034; Alpha: 1.000
2024-07-12 17:01:21,628 - Avg Disc Loss: 29.093, Avg Gen Loss: 57.636, Avg Grad Loss: 8.801
2024-07-12 17:01:32,372 - 254500; G: 0.413; D: 0.136; Grad: 0.035; Alpha: 1.000
2024-07-12 17:01:32,372 - Avg Disc Loss: 34.420, Avg Gen Loss: 86.225, Avg Grad Loss: 8.763
2024-07-12 17:01:42,984 - 255000; G: 0.330; D: 0.135; Grad: 0.036; Alpha: 1.000
2024-07-12 17:01:42,984 - Avg Disc Loss: 32.181, Avg Gen Loss: 79.540, Avg Grad Loss: 8.811
2024-07-12 17:01:53,554 - 255500; G: 0.285; D: 0.120; Grad: 0.034; Alpha: 1.000
2024-07-12 17:01:53,554 - Avg Disc Loss: 28.902, Avg Gen Loss: 75.592, Avg Grad Loss: 8.313
2024-07-12 17:02:05,050 - 256000; G: 0.291; D: 0.125; Grad: 0.035; Alpha: 1.000
2024-07-12 17:02:05,050 - Avg Disc Loss: 29.467, Avg Gen Loss: 68.876, Avg Grad Loss: 8.495
2024-07-12 17:02:15,590 - 256500; G: 0.441; D: 0.129; Grad: 0.037; Alpha: 1.000
2024-07-12 17:02:15,590 - Avg Disc Loss: 33.810, Avg Gen Loss: 122.221, Avg Grad Loss: 9.415
2024-07-12 17:02:26,148 - 257000; G: 0.353; D: 0.128; Grad: 0.036; Alpha: 1.000
2024-07-12 17:02:26,148 - Avg Disc Loss: 33.308, Avg Gen Loss: 85.610, Avg Grad Loss: 9.231
2024-07-12 17:02:33,849 - NaN detected at iteration 257270
2024-07-12 17:02:33,849 - Disc Loss: nan, Gen Loss: nan, Grad Loss: nan
2024-07-12 17:02:33,849 - Current layer: 4, Alpha: 0.002893342977809926
2024-07-12 19:10:57,761 - Starting training session. Checkpoint directory: ./checkpoints/checkpoint_20240712_191057
2024-07-12 19:11:09,237 - 500; G: 1.001; D: 0.091; Grad: 0.086; Alpha: 0.012
2024-07-12 19:11:09,237 - Avg Disc Loss: 15.092, Avg Gen Loss: 215.714, Avg Grad Loss: 22.983
2024-07-12 19:11:20,662 - 1000; G: 1.822; D: 0.120; Grad: 0.069; Alpha: 0.023
2024-07-12 19:11:20,662 - Avg Disc Loss: 25.294, Avg Gen Loss: 417.696, Avg Grad Loss: 17.803
2024-07-12 19:11:32,760 - 1500; G: -0.353; D: 0.177; Grad: 0.063; Alpha: 0.035
2024-07-12 19:11:32,760 - Avg Disc Loss: 40.944, Avg Gen Loss: -229.492, Avg Grad Loss: 16.114
2024-07-12 19:11:44,660 - 2000; G: -0.229; D: -0.079; Grad: 0.058; Alpha: 0.047
2024-07-12 19:11:44,660 - Avg Disc Loss: -13.006, Avg Gen Loss: -77.057, Avg Grad Loss: 14.190
2024-07-12 19:11:56,403 - 2500; G: 0.553; D: -0.011; Grad: 0.070; Alpha: 0.058
2024-07-12 19:11:56,403 - Avg Disc Loss: -7.423, Avg Gen Loss: 111.542, Avg Grad Loss: 17.786
2024-07-12 19:12:08,076 - 3000; G: 0.022; D: -0.005; Grad: 0.062; Alpha: 0.070
2024-07-12 19:12:08,077 - Avg Disc Loss: -0.137, Avg Gen Loss: -1.492, Avg Grad Loss: 15.661
2024-07-12 19:12:19,839 - 3500; G: 0.193; D: 0.045; Grad: 0.058; Alpha: 0.082
2024-07-12 19:12:19,840 - Avg Disc Loss: 12.613, Avg Gen Loss: 24.053, Avg Grad Loss: 14.588
2024-07-12 19:12:32,446 - 4000; G: 0.342; D: 0.008; Grad: 0.056; Alpha: 0.093
2024-07-12 19:12:32,446 - Avg Disc Loss: 2.743, Avg Gen Loss: 75.486, Avg Grad Loss: 13.885
2024-07-12 19:12:44,148 - 4500; G: 0.135; D: -0.000; Grad: 0.047; Alpha: 0.105
2024-07-12 19:12:44,148 - Avg Disc Loss: 0.168, Avg Gen Loss: 37.683, Avg Grad Loss: 11.796
2024-07-12 19:12:55,898 - 5000; G: 0.051; D: -0.017; Grad: 0.049; Alpha: 0.117
2024-07-12 19:12:55,898 - Avg Disc Loss: -8.346, Avg Gen Loss: -12.211, Avg Grad Loss: 12.348
2024-07-12 19:13:07,616 - 5500; G: 0.149; D: 0.005; Grad: 0.049; Alpha: 0.128
2024-07-12 19:13:07,616 - Avg Disc Loss: 2.082, Avg Gen Loss: 14.608, Avg Grad Loss: 12.131
2024-07-12 19:13:19,512 - 6000; G: 0.321; D: 0.047; Grad: 0.046; Alpha: 0.140
2024-07-12 19:13:19,512 - Avg Disc Loss: 13.212, Avg Gen Loss: 73.728, Avg Grad Loss: 11.412
2024-07-12 19:13:31,167 - 6500; G: 0.357; D: 0.061; Grad: 0.045; Alpha: 0.152
2024-07-12 19:13:31,167 - Avg Disc Loss: 10.317, Avg Gen Loss: 93.904, Avg Grad Loss: 11.185
2024-07-12 19:13:43,207 - 7000; G: 0.246; D: 0.063; Grad: 0.044; Alpha: 0.163
2024-07-12 19:13:43,207 - Avg Disc Loss: 14.047, Avg Gen Loss: 77.960, Avg Grad Loss: 11.159
2024-07-12 19:13:54,845 - 7500; G: 0.284; D: 0.070; Grad: 0.043; Alpha: 0.175
2024-07-12 19:13:54,845 - Avg Disc Loss: 20.741, Avg Gen Loss: 78.712, Avg Grad Loss: 10.972
2024-07-12 19:14:06,515 - 8000; G: 0.327; D: 0.093; Grad: 0.043; Alpha: 0.187
2024-07-12 19:14:06,515 - Avg Disc Loss: 21.494, Avg Gen Loss: 75.915, Avg Grad Loss: 10.852
2024-07-12 19:14:18,173 - 8500; G: 0.262; D: 0.098; Grad: 0.044; Alpha: 0.198
2024-07-12 19:14:18,173 - Avg Disc Loss: 24.882, Avg Gen Loss: 61.869, Avg Grad Loss: 11.000
2024-07-12 19:15:10,585 - Starting training session. Checkpoint directory: ./checkpoints/checkpoint_20240712_191510
2024-07-12 19:15:17,496 - NaN detected at iteration 201
2024-07-12 19:15:17,496 - Disc Loss: nan, Gen Loss: nan, Grad Loss: nan
2024-07-12 19:15:17,496 - Current layer: 4, Alpha: 0.004666682222274074
2024-07-12 19:21:09,829 - Starting training session. Checkpoint directory: ./checkpoints/checkpoint_20240712_192109
2024-07-12 19:21:23,022 - NaN detected at iteration 385
2024-07-12 19:21:23,022 - Disc Loss: nan, Gen Loss: nan, Grad Loss: nan
2024-07-12 19:21:23,022 - Current layer: 4, Alpha: 0.008960029866766223
2024-07-12 19:23:35,113 - Starting training session. Checkpoint directory: ./checkpoints/checkpoint_20240712_192334
2024-07-12 19:23:36,053 - NaN detected at iteration 23
2024-07-12 19:23:36,053 - Disc Loss: nan, Gen Loss: nan, Grad Loss: nan
2024-07-12 19:23:36,053 - Current layer: 4, Alpha: 0.0005133350444501482
2024-07-12 19:24:51,756 - Starting training session. Checkpoint directory: ./checkpoints/checkpoint_20240712_192451
2024-07-12 19:25:04,394 - NaN detected at iteration 341
2024-07-12 19:25:04,394 - Disc Loss: nan, Gen Loss: nan, Grad Loss: nan
2024-07-12 19:25:04,394 - Current layer: 4, Alpha: 0.007933359777865925
2024-07-12 19:29:21,623 - Starting training session. Checkpoint directory: ./checkpoints/checkpoint_20240712_192921
2024-07-12 19:29:32,176 - NaN detected at iteration 284
2024-07-12 19:29:32,176 - Disc Loss: nan, Gen Loss: nan, Grad Loss: nan
2024-07-12 19:29:32,176 - Current layer: 4, Alpha: 0.006603355344517815
2024-07-12 19:32:10,784 - Starting training session. Checkpoint directory: ./checkpoints/checkpoint_20240712_193210
2024-07-12 19:32:11,469 - NaN detected at iteration 18
2024-07-12 19:32:11,469 - Disc Loss: nan, Gen Loss: nan, Grad Loss: nan
2024-07-12 19:32:11,469 - Current layer: 4, Alpha: 0.0003966679888932963
2024-07-12 19:32:42,032 - Starting training session. Checkpoint directory: ./checkpoints/checkpoint_20240712_193241
2024-07-12 19:32:42,967 - NaN detected at iteration 25
2024-07-12 19:32:42,967 - Disc Loss: nan, Gen Loss: nan, Grad Loss: nan
2024-07-12 19:32:42,967 - Current layer: 4, Alpha: 0.0005600018666728889
2024-07-12 19:44:19,765 - Starting training session. Checkpoint directory: ./checkpoints/checkpoint_20240712_194419
2024-07-12 19:44:28,674 - NaN detected at iteration 236
2024-07-12 19:44:28,674 - Disc Loss: nan, Gen Loss: nan, Grad Loss: nan
2024-07-12 19:44:28,674 - Current layer: 4, Alpha: 0.0054833516111720375
